root - INFO - Accuweather Test
selenium.webdriver.common.selenium_manager - DEBUG - Selenium Manager binary found at: C:\Users\doanh\AppData\Local\Programs\Python\Python312\Lib\site-packages\selenium\webdriver\common\windows\selenium-manager.exe
selenium.webdriver.common.selenium_manager - DEBUG - Executing process: C:\Users\doanh\AppData\Local\Programs\Python\Python312\Lib\site-packages\selenium\webdriver\common\windows\selenium-manager.exe --browser firefox --debug --language-binding python --output json
selenium.webdriver.common.selenium_manager - DEBUG - geckodriver not found in PATH
selenium.webdriver.common.selenium_manager - DEBUG - firefox detected at C:\Program Files\Mozilla Firefox\firefox.exe
selenium.webdriver.common.selenium_manager - DEBUG - Running command: wmic datafile where name='C:\\Program Files\\Mozilla Firefox\\firefox.exe' get Version /value
selenium.webdriver.common.selenium_manager - DEBUG - Output: "\r\r\n\r\r\nVersion=122.0.1.8801\r\r\n\r\r\n\r\r\n\r"
selenium.webdriver.common.selenium_manager - DEBUG - Detected browser: firefox 122.0.1.8801
selenium.webdriver.common.selenium_manager - DEBUG - Required driver: geckodriver 0.34.0
selenium.webdriver.common.selenium_manager - DEBUG - geckodriver 0.34.0 already in the cache
selenium.webdriver.common.selenium_manager - DEBUG - Driver path: C:\Users\doanh\.cache\selenium\geckodriver\win64\0.34.0\geckodriver.exe
selenium.webdriver.common.selenium_manager - DEBUG - Browser path: C:\Program Files\Mozilla Firefox\firefox.exe
selenium.webdriver.common.selenium_manager - DEBUG - Using driver at: C:\Users\doanh\.cache\selenium\geckodriver\win64\0.34.0\geckodriver.exe
selenium.webdriver.common.service - DEBUG - Started executable: `C:\Users\doanh\.cache\selenium\geckodriver\win64\0.34.0\geckodriver.exe` in a child process with pid: 94540 using 0 to output -3
selenium.webdriver.remote.remote_connection - DEBUG - POST http://localhost:50295/session {'capabilities': {'firstMatch': [{}], 'alwaysMatch': {'browserName': 'firefox', 'acceptInsecureCerts': True, 'moz:debuggerAddress': True, 'pageLoadStrategy': <PageLoadStrategy.normal: 'normal'>, 'browserVersion': None, 'moz:firefoxOptions': {'binary': 'C:\\Program Files\\Mozilla Firefox\\firefox.exe'}}}}
urllib3.connectionpool - DEBUG - Starting new HTTP connection (1): localhost:50295
urllib3.connectionpool - DEBUG - http://localhost:50295 "POST /session HTTP/1.1" 200 0
selenium.webdriver.remote.remote_connection - DEBUG - Remote response: status=200 | data={"value":{"sessionId":"655fd9df-9360-43e1-9d3c-3c88e658039a","capabilities":{"acceptInsecureCerts":true,"browserName":"firefox","browserVersion":"122.0.1","moz:accessibilityChecks":false,"moz:buildID":"20240205133611","moz:debuggerAddress":"127.0.0.1:50296","moz:geckodriverVersion":"0.34.0","moz:headless":false,"moz:platformVersion":"10.0","moz:processID":15704,"moz:profile":"C:\\Users\\doanh\\AppData\\Local\\Temp\\rust_mozprofileMai8cd","moz:shutdownTimeout":60000,"moz:webdriverClick":true,"moz:windowless":false,"pageLoadStrategy":"normal","platformName":"windows","proxy":{},"setWindowRect":true,"strictFileInteractability":false,"timeouts":{"implicit":0,"pageLoad":300000,"script":30000},"unhandledPromptBehavior":"dismiss and notify"}}} | headers=HTTPHeaderDict({'content-type': 'application/json; charset=utf-8', 'cache-control': 'no-cache', 'content-length': '746', 'date': 'Tue, 20 Feb 2024 10:22:42 GMT'})
selenium.webdriver.remote.remote_connection - DEBUG - Finished Request
selenium.webdriver.remote.remote_connection - DEBUG - POST http://localhost:50295/session/655fd9df-9360-43e1-9d3c-3c88e658039a/url {'url': 'https://www.accuweather.com/en/settings'}
urllib3.connectionpool - DEBUG - http://localhost:50295 "POST /session/655fd9df-9360-43e1-9d3c-3c88e658039a/url HTTP/1.1" 200 0
selenium.webdriver.remote.remote_connection - DEBUG - Remote response: status=200 | data={"value":null} | headers=HTTPHeaderDict({'content-type': 'application/json; charset=utf-8', 'cache-control': 'no-cache', 'content-length': '14', 'date': 'Tue, 20 Feb 2024 10:22:44 GMT'})
selenium.webdriver.remote.remote_connection - DEBUG - Finished Request
root - INFO - Turn settings to imperial units
selenium.webdriver.remote.remote_connection - DEBUG - POST http://localhost:50295/session/655fd9df-9360-43e1-9d3c-3c88e658039a/element {'using': 'css selector', 'value': '[id="unit"]'}
urllib3.connectionpool - DEBUG - http://localhost:50295 "POST /session/655fd9df-9360-43e1-9d3c-3c88e658039a/element HTTP/1.1" 200 0
selenium.webdriver.remote.remote_connection - DEBUG - Remote response: status=200 | data={"value":{"element-6066-11e4-a52e-4f735466cecf":"efaf73e3-5578-4c2b-8b28-1101bce11ac6"}} | headers=HTTPHeaderDict({'content-type': 'application/json; charset=utf-8', 'cache-control': 'no-cache', 'content-length': '88', 'date': 'Tue, 20 Feb 2024 10:22:45 GMT'})
selenium.webdriver.remote.remote_connection - DEBUG - Finished Request
selenium.webdriver.remote.remote_connection - DEBUG - POST http://localhost:50295/session/655fd9df-9360-43e1-9d3c-3c88e658039a/element {'using': 'css selector', 'value': '[id="unit"]'}
urllib3.connectionpool - DEBUG - http://localhost:50295 "POST /session/655fd9df-9360-43e1-9d3c-3c88e658039a/element HTTP/1.1" 200 0
selenium.webdriver.remote.remote_connection - DEBUG - Remote response: status=200 | data={"value":{"element-6066-11e4-a52e-4f735466cecf":"efaf73e3-5578-4c2b-8b28-1101bce11ac6"}} | headers=HTTPHeaderDict({'content-type': 'application/json; charset=utf-8', 'cache-control': 'no-cache', 'content-length': '88', 'date': 'Tue, 20 Feb 2024 10:22:45 GMT'})
selenium.webdriver.remote.remote_connection - DEBUG - Finished Request
selenium.webdriver.remote.remote_connection - DEBUG - POST http://localhost:50295/session/655fd9df-9360-43e1-9d3c-3c88e658039a/execute/sync {'script': '/* isDisplayed */return (function(){return (function(){var k=this||self;function aa(a){return"string...', 'args': [{'element-6066-11e4-a52e-4f735466cecf': 'efaf73e3-5578-4c2b-8b28-1101bce11ac6'}]}
urllib3.connectionpool - DEBUG - http://localhost:50295 "POST /session/655fd9df-9360-43e1-9d3c-3c88e658039a/execute/sync HTTP/1.1" 200 0
selenium.webdriver.remote.remote_connection - DEBUG - Remote response: status=200 | data={"value":true} | headers=HTTPHeaderDict({'content-type': 'application/json; charset=utf-8', 'cache-control': 'no-cache', 'content-length': '14', 'date': 'Tue, 20 Feb 2024 10:22:45 GMT'})
selenium.webdriver.remote.remote_connection - DEBUG - Finished Request
selenium.webdriver.remote.remote_connection - DEBUG - POST http://localhost:50295/session/655fd9df-9360-43e1-9d3c-3c88e658039a/element {'using': 'css selector', 'value': '[id="unit"]'}
urllib3.connectionpool - DEBUG - http://localhost:50295 "POST /session/655fd9df-9360-43e1-9d3c-3c88e658039a/element HTTP/1.1" 200 0
selenium.webdriver.remote.remote_connection - DEBUG - Remote response: status=200 | data={"value":{"element-6066-11e4-a52e-4f735466cecf":"efaf73e3-5578-4c2b-8b28-1101bce11ac6"}} | headers=HTTPHeaderDict({'content-type': 'application/json; charset=utf-8', 'cache-control': 'no-cache', 'content-length': '88', 'date': 'Tue, 20 Feb 2024 10:22:45 GMT'})
selenium.webdriver.remote.remote_connection - DEBUG - Finished Request
selenium.webdriver.remote.remote_connection - DEBUG - GET http://localhost:50295/session/655fd9df-9360-43e1-9d3c-3c88e658039a/element/efaf73e3-5578-4c2b-8b28-1101bce11ac6/name {}
urllib3.connectionpool - DEBUG - http://localhost:50295 "GET /session/655fd9df-9360-43e1-9d3c-3c88e658039a/element/efaf73e3-5578-4c2b-8b28-1101bce11ac6/name HTTP/1.1" 200 0
selenium.webdriver.remote.remote_connection - DEBUG - Remote response: status=200 | data={"value":"select"} | headers=HTTPHeaderDict({'content-type': 'application/json; charset=utf-8', 'cache-control': 'no-cache', 'content-length': '18', 'date': 'Tue, 20 Feb 2024 10:22:45 GMT'})
selenium.webdriver.remote.remote_connection - DEBUG - Finished Request
selenium.webdriver.remote.remote_connection - DEBUG - GET http://localhost:50295/session/655fd9df-9360-43e1-9d3c-3c88e658039a/element/efaf73e3-5578-4c2b-8b28-1101bce11ac6/attribute/multiple {}
urllib3.connectionpool - DEBUG - http://localhost:50295 "GET /session/655fd9df-9360-43e1-9d3c-3c88e658039a/element/efaf73e3-5578-4c2b-8b28-1101bce11ac6/attribute/multiple HTTP/1.1" 200 0
selenium.webdriver.remote.remote_connection - DEBUG - Remote response: status=200 | data={"value":null} | headers=HTTPHeaderDict({'content-type': 'application/json; charset=utf-8', 'cache-control': 'no-cache', 'content-length': '14', 'date': 'Tue, 20 Feb 2024 10:22:45 GMT'})
selenium.webdriver.remote.remote_connection - DEBUG - Finished Request
selenium.webdriver.remote.remote_connection - DEBUG - POST http://localhost:50295/session/655fd9df-9360-43e1-9d3c-3c88e658039a/element/efaf73e3-5578-4c2b-8b28-1101bce11ac6/elements {'using': 'css selector', 'value': 'option[value ="F"]'}
urllib3.connectionpool - DEBUG - http://localhost:50295 "POST /session/655fd9df-9360-43e1-9d3c-3c88e658039a/element/efaf73e3-5578-4c2b-8b28-1101bce11ac6/elements HTTP/1.1" 200 0
selenium.webdriver.remote.remote_connection - DEBUG - Remote response: status=200 | data={"value":[{"element-6066-11e4-a52e-4f735466cecf":"e06071f5-b9d5-4597-beea-c77113a64d2a"}]} | headers=HTTPHeaderDict({'content-type': 'application/json; charset=utf-8', 'cache-control': 'no-cache', 'content-length': '90', 'date': 'Tue, 20 Feb 2024 10:22:45 GMT'})
selenium.webdriver.remote.remote_connection - DEBUG - Finished Request
selenium.webdriver.remote.remote_connection - DEBUG - GET http://localhost:50295/session/655fd9df-9360-43e1-9d3c-3c88e658039a/element/e06071f5-b9d5-4597-beea-c77113a64d2a/selected {}
urllib3.connectionpool - DEBUG - http://localhost:50295 "GET /session/655fd9df-9360-43e1-9d3c-3c88e658039a/element/e06071f5-b9d5-4597-beea-c77113a64d2a/selected HTTP/1.1" 200 0
selenium.webdriver.remote.remote_connection - DEBUG - Remote response: status=200 | data={"value":false} | headers=HTTPHeaderDict({'content-type': 'application/json; charset=utf-8', 'cache-control': 'no-cache', 'content-length': '15', 'date': 'Tue, 20 Feb 2024 10:22:45 GMT'})
selenium.webdriver.remote.remote_connection - DEBUG - Finished Request
selenium.webdriver.remote.remote_connection - DEBUG - GET http://localhost:50295/session/655fd9df-9360-43e1-9d3c-3c88e658039a/element/e06071f5-b9d5-4597-beea-c77113a64d2a/enabled {}
urllib3.connectionpool - DEBUG - http://localhost:50295 "GET /session/655fd9df-9360-43e1-9d3c-3c88e658039a/element/e06071f5-b9d5-4597-beea-c77113a64d2a/enabled HTTP/1.1" 200 0
selenium.webdriver.remote.remote_connection - DEBUG - Remote response: status=200 | data={"value":true} | headers=HTTPHeaderDict({'content-type': 'application/json; charset=utf-8', 'cache-control': 'no-cache', 'content-length': '14', 'date': 'Tue, 20 Feb 2024 10:22:45 GMT'})
selenium.webdriver.remote.remote_connection - DEBUG - Finished Request
selenium.webdriver.remote.remote_connection - DEBUG - POST http://localhost:50295/session/655fd9df-9360-43e1-9d3c-3c88e658039a/element/e06071f5-b9d5-4597-beea-c77113a64d2a/click {}
urllib3.connectionpool - DEBUG - http://localhost:50295 "POST /session/655fd9df-9360-43e1-9d3c-3c88e658039a/element/e06071f5-b9d5-4597-beea-c77113a64d2a/click HTTP/1.1" 200 0
selenium.webdriver.remote.remote_connection - DEBUG - Remote response: status=200 | data={"value":null} | headers=HTTPHeaderDict({'content-type': 'application/json; charset=utf-8', 'cache-control': 'no-cache', 'content-length': '14', 'date': 'Tue, 20 Feb 2024 10:22:45 GMT'})
selenium.webdriver.remote.remote_connection - DEBUG - Finished Request
selenium.webdriver.remote.remote_connection - DEBUG - POST http://localhost:50295/session/655fd9df-9360-43e1-9d3c-3c88e658039a/url {'url': 'https://www.accuweather.com'}
urllib3.connectionpool - DEBUG - http://localhost:50295 "POST /session/655fd9df-9360-43e1-9d3c-3c88e658039a/url HTTP/1.1" 200 0
selenium.webdriver.remote.remote_connection - DEBUG - Remote response: status=200 | data={"value":null} | headers=HTTPHeaderDict({'content-type': 'application/json; charset=utf-8', 'cache-control': 'no-cache', 'content-length': '14', 'date': 'Tue, 20 Feb 2024 10:22:45 GMT'})
selenium.webdriver.remote.remote_connection - DEBUG - Finished Request
root - INFO - Navigating to daily data page...
selenium.webdriver.remote.remote_connection - DEBUG - POST http://localhost:50295/session/655fd9df-9360-43e1-9d3c-3c88e658039a/element {'using': 'xpath', 'value': '//div[@class="pull-right"]/*[@data-qa="navigationMenu"]'}
urllib3.connectionpool - DEBUG - http://localhost:50295 "POST /session/655fd9df-9360-43e1-9d3c-3c88e658039a/element HTTP/1.1" 200 0
selenium.webdriver.remote.remote_connection - DEBUG - Remote response: status=200 | data={"value":{"element-6066-11e4-a52e-4f735466cecf":"d0ed63bd-7c7f-466a-b9f5-7d318a673591"}} | headers=HTTPHeaderDict({'content-type': 'application/json; charset=utf-8', 'cache-control': 'no-cache', 'content-length': '88', 'date': 'Tue, 20 Feb 2024 10:23:07 GMT'})
selenium.webdriver.remote.remote_connection - DEBUG - Finished Request
selenium.webdriver.remote.remote_connection - DEBUG - POST http://localhost:50295/session/655fd9df-9360-43e1-9d3c-3c88e658039a/element {'using': 'xpath', 'value': '//div[@class="pull-right"]/*[@data-qa="navigationMenu"]'}
urllib3.connectionpool - DEBUG - http://localhost:50295 "POST /session/655fd9df-9360-43e1-9d3c-3c88e658039a/element HTTP/1.1" 200 0
selenium.webdriver.remote.remote_connection - DEBUG - Remote response: status=200 | data={"value":{"element-6066-11e4-a52e-4f735466cecf":"d0ed63bd-7c7f-466a-b9f5-7d318a673591"}} | headers=HTTPHeaderDict({'content-type': 'application/json; charset=utf-8', 'cache-control': 'no-cache', 'content-length': '88', 'date': 'Tue, 20 Feb 2024 10:23:07 GMT'})
selenium.webdriver.remote.remote_connection - DEBUG - Finished Request
selenium.webdriver.remote.remote_connection - DEBUG - POST http://localhost:50295/session/655fd9df-9360-43e1-9d3c-3c88e658039a/execute/sync {'script': '/* isDisplayed */return (function(){return (function(){var k=this||self;function aa(a){return"string...', 'args': [{'element-6066-11e4-a52e-4f735466cecf': 'd0ed63bd-7c7f-466a-b9f5-7d318a673591'}]}
urllib3.connectionpool - DEBUG - http://localhost:50295 "POST /session/655fd9df-9360-43e1-9d3c-3c88e658039a/execute/sync HTTP/1.1" 200 0
selenium.webdriver.remote.remote_connection - DEBUG - Remote response: status=200 | data={"value":true} | headers=HTTPHeaderDict({'content-type': 'application/json; charset=utf-8', 'cache-control': 'no-cache', 'content-length': '14', 'date': 'Tue, 20 Feb 2024 10:23:07 GMT'})
selenium.webdriver.remote.remote_connection - DEBUG - Finished Request
selenium.webdriver.remote.remote_connection - DEBUG - POST http://localhost:50295/session/655fd9df-9360-43e1-9d3c-3c88e658039a/element {'using': 'xpath', 'value': '//div[@class="pull-right"]/*[@data-qa="navigationMenu"]'}
urllib3.connectionpool - DEBUG - http://localhost:50295 "POST /session/655fd9df-9360-43e1-9d3c-3c88e658039a/element HTTP/1.1" 200 0
selenium.webdriver.remote.remote_connection - DEBUG - Remote response: status=200 | data={"value":{"element-6066-11e4-a52e-4f735466cecf":"d0ed63bd-7c7f-466a-b9f5-7d318a673591"}} | headers=HTTPHeaderDict({'content-type': 'application/json; charset=utf-8', 'cache-control': 'no-cache', 'content-length': '88', 'date': 'Tue, 20 Feb 2024 10:23:07 GMT'})
selenium.webdriver.remote.remote_connection - DEBUG - Finished Request
selenium.webdriver.remote.remote_connection - DEBUG - POST http://localhost:50295/session/655fd9df-9360-43e1-9d3c-3c88e658039a/element/d0ed63bd-7c7f-466a-b9f5-7d318a673591/click {}
urllib3.connectionpool - DEBUG - http://localhost:50295 "POST /session/655fd9df-9360-43e1-9d3c-3c88e658039a/element/d0ed63bd-7c7f-466a-b9f5-7d318a673591/click HTTP/1.1" 200 0
selenium.webdriver.remote.remote_connection - DEBUG - Remote response: status=200 | data={"value":null} | headers=HTTPHeaderDict({'content-type': 'application/json; charset=utf-8', 'cache-control': 'no-cache', 'content-length': '14', 'date': 'Tue, 20 Feb 2024 10:23:07 GMT'})
selenium.webdriver.remote.remote_connection - DEBUG - Finished Request
selenium.webdriver.remote.remote_connection - DEBUG - POST http://localhost:50295/session/655fd9df-9360-43e1-9d3c-3c88e658039a/element {'using': 'xpath', 'value': '//a[@data-page-id="daily"]'}
urllib3.connectionpool - DEBUG - http://localhost:50295 "POST /session/655fd9df-9360-43e1-9d3c-3c88e658039a/element HTTP/1.1" 200 0
selenium.webdriver.remote.remote_connection - DEBUG - Remote response: status=200 | data={"value":{"element-6066-11e4-a52e-4f735466cecf":"bc290bc8-886d-4c77-b50f-8a6c450d37fb"}} | headers=HTTPHeaderDict({'content-type': 'application/json; charset=utf-8', 'cache-control': 'no-cache', 'content-length': '88', 'date': 'Tue, 20 Feb 2024 10:23:07 GMT'})
selenium.webdriver.remote.remote_connection - DEBUG - Finished Request
selenium.webdriver.remote.remote_connection - DEBUG - POST http://localhost:50295/session/655fd9df-9360-43e1-9d3c-3c88e658039a/element {'using': 'xpath', 'value': '//a[@data-page-id="daily"]'}
urllib3.connectionpool - DEBUG - http://localhost:50295 "POST /session/655fd9df-9360-43e1-9d3c-3c88e658039a/element HTTP/1.1" 200 0
selenium.webdriver.remote.remote_connection - DEBUG - Remote response: status=200 | data={"value":{"element-6066-11e4-a52e-4f735466cecf":"bc290bc8-886d-4c77-b50f-8a6c450d37fb"}} | headers=HTTPHeaderDict({'content-type': 'application/json; charset=utf-8', 'cache-control': 'no-cache', 'content-length': '88', 'date': 'Tue, 20 Feb 2024 10:23:07 GMT'})
selenium.webdriver.remote.remote_connection - DEBUG - Finished Request
selenium.webdriver.remote.remote_connection - DEBUG - POST http://localhost:50295/session/655fd9df-9360-43e1-9d3c-3c88e658039a/execute/sync {'script': '/* isDisplayed */return (function(){return (function(){var k=this||self;function aa(a){return"string...', 'args': [{'element-6066-11e4-a52e-4f735466cecf': 'bc290bc8-886d-4c77-b50f-8a6c450d37fb'}]}
urllib3.connectionpool - DEBUG - http://localhost:50295 "POST /session/655fd9df-9360-43e1-9d3c-3c88e658039a/execute/sync HTTP/1.1" 200 0
selenium.webdriver.remote.remote_connection - DEBUG - Remote response: status=200 | data={"value":true} | headers=HTTPHeaderDict({'content-type': 'application/json; charset=utf-8', 'cache-control': 'no-cache', 'content-length': '14', 'date': 'Tue, 20 Feb 2024 10:23:07 GMT'})
selenium.webdriver.remote.remote_connection - DEBUG - Finished Request
selenium.webdriver.remote.remote_connection - DEBUG - POST http://localhost:50295/session/655fd9df-9360-43e1-9d3c-3c88e658039a/element {'using': 'xpath', 'value': '//a[@data-page-id="daily"]'}
urllib3.connectionpool - DEBUG - http://localhost:50295 "POST /session/655fd9df-9360-43e1-9d3c-3c88e658039a/element HTTP/1.1" 200 0
selenium.webdriver.remote.remote_connection - DEBUG - Remote response: status=200 | data={"value":{"element-6066-11e4-a52e-4f735466cecf":"bc290bc8-886d-4c77-b50f-8a6c450d37fb"}} | headers=HTTPHeaderDict({'content-type': 'application/json; charset=utf-8', 'cache-control': 'no-cache', 'content-length': '88', 'date': 'Tue, 20 Feb 2024 10:23:07 GMT'})
selenium.webdriver.remote.remote_connection - DEBUG - Finished Request
selenium.webdriver.remote.remote_connection - DEBUG - POST http://localhost:50295/session/655fd9df-9360-43e1-9d3c-3c88e658039a/element/bc290bc8-886d-4c77-b50f-8a6c450d37fb/click {}
urllib3.connectionpool - DEBUG - http://localhost:50295 "POST /session/655fd9df-9360-43e1-9d3c-3c88e658039a/element/bc290bc8-886d-4c77-b50f-8a6c450d37fb/click HTTP/1.1" 200 0
selenium.webdriver.remote.remote_connection - DEBUG - Remote response: status=200 | data={"value":null} | headers=HTTPHeaderDict({'content-type': 'application/json; charset=utf-8', 'cache-control': 'no-cache', 'content-length': '14', 'date': 'Tue, 20 Feb 2024 10:23:07 GMT'})
selenium.webdriver.remote.remote_connection - DEBUG - Finished Request
selenium.webdriver.remote.remote_connection - DEBUG - GET http://localhost:50295/session/655fd9df-9360-43e1-9d3c-3c88e658039a/title {}
urllib3.connectionpool - DEBUG - http://localhost:50295 "GET /session/655fd9df-9360-43e1-9d3c-3c88e658039a/title HTTP/1.1" 200 0
selenium.webdriver.remote.remote_connection - DEBUG - Remote response: status=200 | data={"value":"Local, National, & Global Daily Weather Forecast | AccuWeather"} | headers=HTTPHeaderDict({'content-type': 'application/json; charset=utf-8', 'cache-control': 'no-cache', 'content-length': '74', 'date': 'Tue, 20 Feb 2024 10:23:07 GMT'})
selenium.webdriver.remote.remote_connection - DEBUG - Finished Request
root - INFO - Local, National, & Global Daily Weather Forecast | AccuWeather
root - INFO - Navigating to daily data page...Done
selenium.webdriver.remote.remote_connection - DEBUG - POST http://localhost:50295/session/655fd9df-9360-43e1-9d3c-3c88e658039a/actions {'actions': [{'type': 'pointer', 'parameters': {'pointerType': 'mouse'}, 'id': 'mouse', 'actions': [{'type': 'pointerMove', 'duration': 250, 'x': 50, 'y': 50, 'origin': 'pointer'}, {'type': 'pause', 'duration': 2000}, {'type': 'pointerDown', 'duration': 0, 'button': 0}, {'type': 'pointerUp', 'duration': 0, 'button': 0}]}, {'type': 'key', 'id': 'key', 'actions': [{'type': 'pause', 'duration': 0}, {'type': 'pause', 'duration': 2000}, {'type': 'pause', 'duration': 0}, {'type': 'pause', 'duration': 0}]}]}
urllib3.connectionpool - DEBUG - http://localhost:50295 "POST /session/655fd9df-9360-43e1-9d3c-3c88e658039a/actions HTTP/1.1" 200 0
selenium.webdriver.remote.remote_connection - DEBUG - Remote response: status=200 | data={"value":null} | headers=HTTPHeaderDict({'content-type': 'application/json; charset=utf-8', 'cache-control': 'no-cache', 'content-length': '14', 'date': 'Tue, 20 Feb 2024 10:23:07 GMT'})
selenium.webdriver.remote.remote_connection - DEBUG - Finished Request
