selenium.webdriver.common.selenium_manager - DEBUG - Selenium Manager binary found at: C:\Users\doanh\AppData\Local\Programs\Python\Python312\Lib\site-packages\selenium\webdriver\common\windows\selenium-manager.exe
selenium.webdriver.common.selenium_manager - DEBUG - Executing process: C:\Users\doanh\AppData\Local\Programs\Python\Python312\Lib\site-packages\selenium\webdriver\common\windows\selenium-manager.exe --browser firefox --debug --language-binding python --output json
selenium.webdriver.common.selenium_manager - DEBUG - geckodriver not found in PATH
selenium.webdriver.common.selenium_manager - DEBUG - firefox detected at C:\Program Files\Mozilla Firefox\firefox.exe
selenium.webdriver.common.selenium_manager - DEBUG - Running command: wmic datafile where name='C:\\Program Files\\Mozilla Firefox\\firefox.exe' get Version /value
selenium.webdriver.common.selenium_manager - DEBUG - Output: "\r\r\n\r\r\nVersion=122.0.1.8801\r\r\n\r\r\n\r\r\n\r"
selenium.webdriver.common.selenium_manager - DEBUG - Detected browser: firefox 122.0.1.8801
selenium.webdriver.common.selenium_manager - DEBUG - Required driver: geckodriver 0.34.0
selenium.webdriver.common.selenium_manager - DEBUG - geckodriver 0.34.0 already in the cache
selenium.webdriver.common.selenium_manager - DEBUG - Driver path: C:\Users\doanh\.cache\selenium\geckodriver\win64\0.34.0\geckodriver.exe
selenium.webdriver.common.selenium_manager - DEBUG - Browser path: C:\Program Files\Mozilla Firefox\firefox.exe
selenium.webdriver.common.selenium_manager - DEBUG - Using driver at: C:\Users\doanh\.cache\selenium\geckodriver\win64\0.34.0\geckodriver.exe
selenium.webdriver.common.service - DEBUG - Started executable: `C:\Users\doanh\.cache\selenium\geckodriver\win64\0.34.0\geckodriver.exe` in a child process with pid: 102708 using 0 to output -3
selenium.webdriver.remote.remote_connection - DEBUG - POST http://localhost:52158/session {'capabilities': {'firstMatch': [{}], 'alwaysMatch': {'browserName': 'firefox', 'acceptInsecureCerts': True, 'moz:debuggerAddress': True, 'pageLoadStrategy': <PageLoadStrategy.normal: 'normal'>, 'browserVersion': None, 'moz:firefoxOptions': {'binary': 'C:\\Program Files\\Mozilla Firefox\\firefox.exe'}}}}
urllib3.connectionpool - DEBUG - Starting new HTTP connection (1): localhost:52158
urllib3.connectionpool - DEBUG - http://localhost:52158 "POST /session HTTP/1.1" 200 0
selenium.webdriver.remote.remote_connection - DEBUG - Remote response: status=200 | data={"value":{"sessionId":"521b3051-fd4a-431b-aaa5-ab4d64ec80e4","capabilities":{"acceptInsecureCerts":true,"browserName":"firefox","browserVersion":"122.0.1","moz:accessibilityChecks":false,"moz:buildID":"20240205133611","moz:debuggerAddress":"127.0.0.1:52159","moz:geckodriverVersion":"0.34.0","moz:headless":false,"moz:platformVersion":"10.0","moz:processID":80788,"moz:profile":"C:\\Users\\doanh\\AppData\\Local\\Temp\\rust_mozprofile1U64y6","moz:shutdownTimeout":60000,"moz:webdriverClick":true,"moz:windowless":false,"pageLoadStrategy":"normal","platformName":"windows","proxy":{},"setWindowRect":true,"strictFileInteractability":false,"timeouts":{"implicit":0,"pageLoad":300000,"script":30000},"unhandledPromptBehavior":"dismiss and notify"}}} | headers=HTTPHeaderDict({'content-type': 'application/json; charset=utf-8', 'cache-control': 'no-cache', 'content-length': '746', 'date': 'Tue, 20 Feb 2024 09:55:11 GMT'})
selenium.webdriver.remote.remote_connection - DEBUG - Finished Request
selenium.webdriver.remote.remote_connection - DEBUG - POST http://localhost:52158/session/521b3051-fd4a-431b-aaa5-ab4d64ec80e4/url {'url': 'https://www.accuweather.com/en/vn/hoan-kiem/425226/afternoon-weather-forecast/425226?day=1'}
urllib3.connectionpool - DEBUG - http://localhost:52158 "POST /session/521b3051-fd4a-431b-aaa5-ab4d64ec80e4/url HTTP/1.1" 200 0
selenium.webdriver.remote.remote_connection - DEBUG - Remote response: status=200 | data={"value":null} | headers=HTTPHeaderDict({'content-type': 'application/json; charset=utf-8', 'cache-control': 'no-cache', 'content-length': '14', 'date': 'Tue, 20 Feb 2024 09:55:15 GMT'})
selenium.webdriver.remote.remote_connection - DEBUG - Finished Request
selenium.webdriver.remote.remote_connection - DEBUG - POST http://localhost:52158/session/521b3051-fd4a-431b-aaa5-ab4d64ec80e4/url {'url': 'https://www.accuweather.com/en/vn/hoan-kiem/425226/afternoon-weather-forecast/425226?day=1'}
urllib3.connectionpool - DEBUG - http://localhost:52158 "POST /session/521b3051-fd4a-431b-aaa5-ab4d64ec80e4/url HTTP/1.1" 200 0
selenium.webdriver.remote.remote_connection - DEBUG - Remote response: status=200 | data={"value":null} | headers=HTTPHeaderDict({'content-type': 'application/json; charset=utf-8', 'cache-control': 'no-cache', 'content-length': '14', 'date': 'Tue, 20 Feb 2024 09:55:45 GMT'})
selenium.webdriver.remote.remote_connection - DEBUG - Finished Request
selenium.webdriver.remote.remote_connection - DEBUG - POST http://localhost:52158/session/521b3051-fd4a-431b-aaa5-ab4d64ec80e4/url {'url': 'https://www.accuweather.com/en/vn/hoan-kiem/425226/afternoon-weather-forecast/425226?day=1'}
urllib3.connectionpool - DEBUG - http://localhost:52158 "POST /session/521b3051-fd4a-431b-aaa5-ab4d64ec80e4/url HTTP/1.1" 200 0
selenium.webdriver.remote.remote_connection - DEBUG - Remote response: status=200 | data={"value":null} | headers=HTTPHeaderDict({'content-type': 'application/json; charset=utf-8', 'cache-control': 'no-cache', 'content-length': '14', 'date': 'Tue, 20 Feb 2024 09:55:49 GMT'})
selenium.webdriver.remote.remote_connection - DEBUG - Finished Request
selenium.webdriver.remote.remote_connection - DEBUG - POST http://localhost:52158/session/521b3051-fd4a-431b-aaa5-ab4d64ec80e4/actions {'actions': [{'type': 'pointer', 'parameters': {'pointerType': 'mouse'}, 'id': 'mouse', 'actions': [{'type': 'pointerMove', 'duration': 250, 'x': 50, 'y': 50, 'origin': 'pointer'}, {'type': 'pause', 'duration': 2000}, {'type': 'pointerDown', 'duration': 0, 'button': 0}, {'type': 'pointerUp', 'duration': 0, 'button': 0}]}, {'type': 'key', 'id': 'key', 'actions': [{'type': 'pause', 'duration': 0}, {'type': 'pause', 'duration': 2000}, {'type': 'pause', 'duration': 0}, {'type': 'pause', 'duration': 0}]}]}
urllib3.connectionpool - DEBUG - http://localhost:52158 "POST /session/521b3051-fd4a-431b-aaa5-ab4d64ec80e4/actions HTTP/1.1" 200 0
selenium.webdriver.remote.remote_connection - DEBUG - Remote response: status=200 | data={"value":null} | headers=HTTPHeaderDict({'content-type': 'application/json; charset=utf-8', 'cache-control': 'no-cache', 'content-length': '14', 'date': 'Tue, 20 Feb 2024 09:55:52 GMT'})
selenium.webdriver.remote.remote_connection - DEBUG - Finished Request
selenium.webdriver.remote.remote_connection - DEBUG - POST http://localhost:52158/session/521b3051-fd4a-431b-aaa5-ab4d64ec80e4/element {'using': 'xpath', 'value': '//p[contains(text(), "Humidity")]/span[@class="value"]'}
urllib3.connectionpool - DEBUG - http://localhost:52158 "POST /session/521b3051-fd4a-431b-aaa5-ab4d64ec80e4/element HTTP/1.1" 200 0
selenium.webdriver.remote.remote_connection - DEBUG - Remote response: status=200 | data={"value":{"element-6066-11e4-a52e-4f735466cecf":"00cd7195-2e61-4242-affd-47cd2687e23d"}} | headers=HTTPHeaderDict({'content-type': 'application/json; charset=utf-8', 'cache-control': 'no-cache', 'content-length': '88', 'date': 'Tue, 20 Feb 2024 09:56:00 GMT'})
selenium.webdriver.remote.remote_connection - DEBUG - Finished Request
selenium.webdriver.remote.remote_connection - DEBUG - POST http://localhost:52158/session/521b3051-fd4a-431b-aaa5-ab4d64ec80e4/element {'using': 'xpath', 'value': '//p[contains(text(), "Humidity")]/span[@class="value"]'}
urllib3.connectionpool - DEBUG - http://localhost:52158 "POST /session/521b3051-fd4a-431b-aaa5-ab4d64ec80e4/element HTTP/1.1" 200 0
selenium.webdriver.remote.remote_connection - DEBUG - Remote response: status=200 | data={"value":{"element-6066-11e4-a52e-4f735466cecf":"00cd7195-2e61-4242-affd-47cd2687e23d"}} | headers=HTTPHeaderDict({'content-type': 'application/json; charset=utf-8', 'cache-control': 'no-cache', 'content-length': '88', 'date': 'Tue, 20 Feb 2024 09:56:00 GMT'})
selenium.webdriver.remote.remote_connection - DEBUG - Finished Request
selenium.webdriver.remote.remote_connection - DEBUG - POST http://localhost:52158/session/521b3051-fd4a-431b-aaa5-ab4d64ec80e4/execute/sync {'script': '/* isDisplayed */return (function(){return (function(){var k=this||self;function aa(a){return"string...', 'args': [{'element-6066-11e4-a52e-4f735466cecf': '00cd7195-2e61-4242-affd-47cd2687e23d'}]}
urllib3.connectionpool - DEBUG - http://localhost:52158 "POST /session/521b3051-fd4a-431b-aaa5-ab4d64ec80e4/execute/sync HTTP/1.1" 200 0
selenium.webdriver.remote.remote_connection - DEBUG - Remote response: status=200 | data={"value":true} | headers=HTTPHeaderDict({'content-type': 'application/json; charset=utf-8', 'cache-control': 'no-cache', 'content-length': '14', 'date': 'Tue, 20 Feb 2024 09:56:00 GMT'})
selenium.webdriver.remote.remote_connection - DEBUG - Finished Request
selenium.webdriver.remote.remote_connection - DEBUG - POST http://localhost:52158/session/521b3051-fd4a-431b-aaa5-ab4d64ec80e4/element {'using': 'xpath', 'value': '//p[contains(text(), "Humidity")]/span[@class="value"]'}
urllib3.connectionpool - DEBUG - http://localhost:52158 "POST /session/521b3051-fd4a-431b-aaa5-ab4d64ec80e4/element HTTP/1.1" 200 0
selenium.webdriver.remote.remote_connection - DEBUG - Remote response: status=200 | data={"value":{"element-6066-11e4-a52e-4f735466cecf":"00cd7195-2e61-4242-affd-47cd2687e23d"}} | headers=HTTPHeaderDict({'content-type': 'application/json; charset=utf-8', 'cache-control': 'no-cache', 'content-length': '88', 'date': 'Tue, 20 Feb 2024 09:56:00 GMT'})
selenium.webdriver.remote.remote_connection - DEBUG - Finished Request
selenium.webdriver.remote.remote_connection - DEBUG - GET http://localhost:52158/session/521b3051-fd4a-431b-aaa5-ab4d64ec80e4/element/00cd7195-2e61-4242-affd-47cd2687e23d/text {}
urllib3.connectionpool - DEBUG - http://localhost:52158 "GET /session/521b3051-fd4a-431b-aaa5-ab4d64ec80e4/element/00cd7195-2e61-4242-affd-47cd2687e23d/text HTTP/1.1" 200 0
selenium.webdriver.remote.remote_connection - DEBUG - Remote response: status=200 | data={"value":"59%"} | headers=HTTPHeaderDict({'content-type': 'application/json; charset=utf-8', 'cache-control': 'no-cache', 'content-length': '15', 'date': 'Tue, 20 Feb 2024 09:56:00 GMT'})
selenium.webdriver.remote.remote_connection - DEBUG - Finished Request
selenium.webdriver.remote.remote_connection - DEBUG - POST http://localhost:52158/session/521b3051-fd4a-431b-aaa5-ab4d64ec80e4/element {'using': 'xpath', 'value': '//span[@class="header-temp"]//span[@class="unit"]'}
urllib3.connectionpool - DEBUG - http://localhost:52158 "POST /session/521b3051-fd4a-431b-aaa5-ab4d64ec80e4/element HTTP/1.1" 200 0
selenium.webdriver.remote.remote_connection - DEBUG - Remote response: status=200 | data={"value":{"element-6066-11e4-a52e-4f735466cecf":"60043d8e-ea91-4080-b77f-25646dccc528"}} | headers=HTTPHeaderDict({'content-type': 'application/json; charset=utf-8', 'cache-control': 'no-cache', 'content-length': '88', 'date': 'Tue, 20 Feb 2024 09:56:00 GMT'})
selenium.webdriver.remote.remote_connection - DEBUG - Finished Request
selenium.webdriver.remote.remote_connection - DEBUG - POST http://localhost:52158/session/521b3051-fd4a-431b-aaa5-ab4d64ec80e4/element {'using': 'xpath', 'value': '//span[@class="header-temp"]//span[@class="unit"]'}
urllib3.connectionpool - DEBUG - http://localhost:52158 "POST /session/521b3051-fd4a-431b-aaa5-ab4d64ec80e4/element HTTP/1.1" 200 0
selenium.webdriver.remote.remote_connection - DEBUG - Remote response: status=200 | data={"value":{"element-6066-11e4-a52e-4f735466cecf":"60043d8e-ea91-4080-b77f-25646dccc528"}} | headers=HTTPHeaderDict({'content-type': 'application/json; charset=utf-8', 'cache-control': 'no-cache', 'content-length': '88', 'date': 'Tue, 20 Feb 2024 09:56:00 GMT'})
selenium.webdriver.remote.remote_connection - DEBUG - Finished Request
selenium.webdriver.remote.remote_connection - DEBUG - POST http://localhost:52158/session/521b3051-fd4a-431b-aaa5-ab4d64ec80e4/execute/sync {'script': '/* isDisplayed */return (function(){return (function(){var k=this||self;function aa(a){return"string...', 'args': [{'element-6066-11e4-a52e-4f735466cecf': '60043d8e-ea91-4080-b77f-25646dccc528'}]}
urllib3.connectionpool - DEBUG - http://localhost:52158 "POST /session/521b3051-fd4a-431b-aaa5-ab4d64ec80e4/execute/sync HTTP/1.1" 200 0
selenium.webdriver.remote.remote_connection - DEBUG - Remote response: status=200 | data={"value":true} | headers=HTTPHeaderDict({'content-type': 'application/json; charset=utf-8', 'cache-control': 'no-cache', 'content-length': '14', 'date': 'Tue, 20 Feb 2024 09:56:00 GMT'})
selenium.webdriver.remote.remote_connection - DEBUG - Finished Request
selenium.webdriver.remote.remote_connection - DEBUG - POST http://localhost:52158/session/521b3051-fd4a-431b-aaa5-ab4d64ec80e4/element {'using': 'xpath', 'value': '//span[@class="header-temp"]//span[@class="unit"]'}
urllib3.connectionpool - DEBUG - http://localhost:52158 "POST /session/521b3051-fd4a-431b-aaa5-ab4d64ec80e4/element HTTP/1.1" 200 0
selenium.webdriver.remote.remote_connection - DEBUG - Remote response: status=200 | data={"value":{"element-6066-11e4-a52e-4f735466cecf":"60043d8e-ea91-4080-b77f-25646dccc528"}} | headers=HTTPHeaderDict({'content-type': 'application/json; charset=utf-8', 'cache-control': 'no-cache', 'content-length': '88', 'date': 'Tue, 20 Feb 2024 09:56:00 GMT'})
selenium.webdriver.remote.remote_connection - DEBUG - Finished Request
selenium.webdriver.remote.remote_connection - DEBUG - GET http://localhost:52158/session/521b3051-fd4a-431b-aaa5-ab4d64ec80e4/element/60043d8e-ea91-4080-b77f-25646dccc528/text {}
urllib3.connectionpool - DEBUG - http://localhost:52158 "GET /session/521b3051-fd4a-431b-aaa5-ab4d64ec80e4/element/60043d8e-ea91-4080-b77f-25646dccc528/text HTTP/1.1" 200 0
selenium.webdriver.remote.remote_connection - DEBUG - Remote response: status=200 | data={"value":"C"} | headers=HTTPHeaderDict({'content-type': 'application/json; charset=utf-8', 'cache-control': 'no-cache', 'content-length': '13', 'date': 'Tue, 20 Feb 2024 09:56:00 GMT'})
selenium.webdriver.remote.remote_connection - DEBUG - Finished Request
selenium.webdriver.remote.remote_connection - DEBUG - POST http://localhost:52158/session/521b3051-fd4a-431b-aaa5-ab4d64ec80e4/element {'using': 'xpath', 'value': '//div[@class="weather"]//div[@class="temperature"]'}
urllib3.connectionpool - DEBUG - http://localhost:52158 "POST /session/521b3051-fd4a-431b-aaa5-ab4d64ec80e4/element HTTP/1.1" 200 0
selenium.webdriver.remote.remote_connection - DEBUG - Remote response: status=200 | data={"value":{"element-6066-11e4-a52e-4f735466cecf":"dad3eb8f-2f42-43f7-bf78-677c3289672d"}} | headers=HTTPHeaderDict({'content-type': 'application/json; charset=utf-8', 'cache-control': 'no-cache', 'content-length': '88', 'date': 'Tue, 20 Feb 2024 09:56:00 GMT'})
selenium.webdriver.remote.remote_connection - DEBUG - Finished Request
selenium.webdriver.remote.remote_connection - DEBUG - POST http://localhost:52158/session/521b3051-fd4a-431b-aaa5-ab4d64ec80e4/element {'using': 'xpath', 'value': '//div[@class="weather"]//div[@class="temperature"]'}
urllib3.connectionpool - DEBUG - http://localhost:52158 "POST /session/521b3051-fd4a-431b-aaa5-ab4d64ec80e4/element HTTP/1.1" 200 0
selenium.webdriver.remote.remote_connection - DEBUG - Remote response: status=200 | data={"value":{"element-6066-11e4-a52e-4f735466cecf":"dad3eb8f-2f42-43f7-bf78-677c3289672d"}} | headers=HTTPHeaderDict({'content-type': 'application/json; charset=utf-8', 'cache-control': 'no-cache', 'content-length': '88', 'date': 'Tue, 20 Feb 2024 09:56:00 GMT'})
selenium.webdriver.remote.remote_connection - DEBUG - Finished Request
selenium.webdriver.remote.remote_connection - DEBUG - POST http://localhost:52158/session/521b3051-fd4a-431b-aaa5-ab4d64ec80e4/execute/sync {'script': '/* isDisplayed */return (function(){return (function(){var k=this||self;function aa(a){return"string...', 'args': [{'element-6066-11e4-a52e-4f735466cecf': 'dad3eb8f-2f42-43f7-bf78-677c3289672d'}]}
urllib3.connectionpool - DEBUG - http://localhost:52158 "POST /session/521b3051-fd4a-431b-aaa5-ab4d64ec80e4/execute/sync HTTP/1.1" 200 0
selenium.webdriver.remote.remote_connection - DEBUG - Remote response: status=200 | data={"value":true} | headers=HTTPHeaderDict({'content-type': 'application/json; charset=utf-8', 'cache-control': 'no-cache', 'content-length': '14', 'date': 'Tue, 20 Feb 2024 09:56:00 GMT'})
selenium.webdriver.remote.remote_connection - DEBUG - Finished Request
selenium.webdriver.remote.remote_connection - DEBUG - POST http://localhost:52158/session/521b3051-fd4a-431b-aaa5-ab4d64ec80e4/element {'using': 'xpath', 'value': '//div[@class="weather"]//div[@class="temperature"]'}
urllib3.connectionpool - DEBUG - http://localhost:52158 "POST /session/521b3051-fd4a-431b-aaa5-ab4d64ec80e4/element HTTP/1.1" 200 0
selenium.webdriver.remote.remote_connection - DEBUG - Remote response: status=200 | data={"value":{"element-6066-11e4-a52e-4f735466cecf":"dad3eb8f-2f42-43f7-bf78-677c3289672d"}} | headers=HTTPHeaderDict({'content-type': 'application/json; charset=utf-8', 'cache-control': 'no-cache', 'content-length': '88', 'date': 'Tue, 20 Feb 2024 09:56:00 GMT'})
selenium.webdriver.remote.remote_connection - DEBUG - Finished Request
selenium.webdriver.remote.remote_connection - DEBUG - GET http://localhost:52158/session/521b3051-fd4a-431b-aaa5-ab4d64ec80e4/element/dad3eb8f-2f42-43f7-bf78-677c3289672d/text {}
urllib3.connectionpool - DEBUG - http://localhost:52158 "GET /session/521b3051-fd4a-431b-aaa5-ab4d64ec80e4/element/dad3eb8f-2f42-43f7-bf78-677c3289672d/text HTTP/1.1" 200 0
selenium.webdriver.remote.remote_connection - DEBUG - Remote response: status=200 | data={"value":"33°"} | headers=HTTPHeaderDict({'content-type': 'application/json; charset=utf-8', 'cache-control': 'no-cache', 'content-length': '16', 'date': 'Tue, 20 Feb 2024 09:56:00 GMT'})
selenium.webdriver.remote.remote_connection - DEBUG - Finished Request
selenium.webdriver.remote.remote_connection - DEBUG - POST http://localhost:52158/session/521b3051-fd4a-431b-aaa5-ab4d64ec80e4/element {'using': 'xpath', 'value': '//span[@class="header-temp"]//span[@class="unit"]'}
urllib3.connectionpool - DEBUG - http://localhost:52158 "POST /session/521b3051-fd4a-431b-aaa5-ab4d64ec80e4/element HTTP/1.1" 200 0
selenium.webdriver.remote.remote_connection - DEBUG - Remote response: status=200 | data={"value":{"element-6066-11e4-a52e-4f735466cecf":"60043d8e-ea91-4080-b77f-25646dccc528"}} | headers=HTTPHeaderDict({'content-type': 'application/json; charset=utf-8', 'cache-control': 'no-cache', 'content-length': '88', 'date': 'Tue, 20 Feb 2024 09:56:00 GMT'})
selenium.webdriver.remote.remote_connection - DEBUG - Finished Request
selenium.webdriver.remote.remote_connection - DEBUG - POST http://localhost:52158/session/521b3051-fd4a-431b-aaa5-ab4d64ec80e4/element {'using': 'xpath', 'value': '//span[@class="header-temp"]//span[@class="unit"]'}
urllib3.connectionpool - DEBUG - http://localhost:52158 "POST /session/521b3051-fd4a-431b-aaa5-ab4d64ec80e4/element HTTP/1.1" 200 0
selenium.webdriver.remote.remote_connection - DEBUG - Remote response: status=200 | data={"value":{"element-6066-11e4-a52e-4f735466cecf":"60043d8e-ea91-4080-b77f-25646dccc528"}} | headers=HTTPHeaderDict({'content-type': 'application/json; charset=utf-8', 'cache-control': 'no-cache', 'content-length': '88', 'date': 'Tue, 20 Feb 2024 09:56:00 GMT'})
selenium.webdriver.remote.remote_connection - DEBUG - Finished Request
selenium.webdriver.remote.remote_connection - DEBUG - POST http://localhost:52158/session/521b3051-fd4a-431b-aaa5-ab4d64ec80e4/execute/sync {'script': '/* isDisplayed */return (function(){return (function(){var k=this||self;function aa(a){return"string...', 'args': [{'element-6066-11e4-a52e-4f735466cecf': '60043d8e-ea91-4080-b77f-25646dccc528'}]}
urllib3.connectionpool - DEBUG - http://localhost:52158 "POST /session/521b3051-fd4a-431b-aaa5-ab4d64ec80e4/execute/sync HTTP/1.1" 200 0
selenium.webdriver.remote.remote_connection - DEBUG - Remote response: status=200 | data={"value":true} | headers=HTTPHeaderDict({'content-type': 'application/json; charset=utf-8', 'cache-control': 'no-cache', 'content-length': '14', 'date': 'Tue, 20 Feb 2024 09:56:00 GMT'})
selenium.webdriver.remote.remote_connection - DEBUG - Finished Request
selenium.webdriver.remote.remote_connection - DEBUG - POST http://localhost:52158/session/521b3051-fd4a-431b-aaa5-ab4d64ec80e4/element {'using': 'xpath', 'value': '//span[@class="header-temp"]//span[@class="unit"]'}
urllib3.connectionpool - DEBUG - http://localhost:52158 "POST /session/521b3051-fd4a-431b-aaa5-ab4d64ec80e4/element HTTP/1.1" 200 0
selenium.webdriver.remote.remote_connection - DEBUG - Remote response: status=200 | data={"value":{"element-6066-11e4-a52e-4f735466cecf":"60043d8e-ea91-4080-b77f-25646dccc528"}} | headers=HTTPHeaderDict({'content-type': 'application/json; charset=utf-8', 'cache-control': 'no-cache', 'content-length': '88', 'date': 'Tue, 20 Feb 2024 09:56:00 GMT'})
selenium.webdriver.remote.remote_connection - DEBUG - Finished Request
selenium.webdriver.remote.remote_connection - DEBUG - GET http://localhost:52158/session/521b3051-fd4a-431b-aaa5-ab4d64ec80e4/element/60043d8e-ea91-4080-b77f-25646dccc528/text {}
urllib3.connectionpool - DEBUG - http://localhost:52158 "GET /session/521b3051-fd4a-431b-aaa5-ab4d64ec80e4/element/60043d8e-ea91-4080-b77f-25646dccc528/text HTTP/1.1" 200 0
selenium.webdriver.remote.remote_connection - DEBUG - Remote response: status=200 | data={"value":"C"} | headers=HTTPHeaderDict({'content-type': 'application/json; charset=utf-8', 'cache-control': 'no-cache', 'content-length': '13', 'date': 'Tue, 20 Feb 2024 09:56:00 GMT'})
selenium.webdriver.remote.remote_connection - DEBUG - Finished Request
selenium.webdriver.remote.remote_connection - DEBUG - POST http://localhost:52158/session/521b3051-fd4a-431b-aaa5-ab4d64ec80e4/url {'url': 'https://www.accuweather.com/en/settings'}
urllib3.connectionpool - DEBUG - http://localhost:52158 "POST /session/521b3051-fd4a-431b-aaa5-ab4d64ec80e4/url HTTP/1.1" 200 0
selenium.webdriver.remote.remote_connection - DEBUG - Remote response: status=200 | data={"value":null} | headers=HTTPHeaderDict({'content-type': 'application/json; charset=utf-8', 'cache-control': 'no-cache', 'content-length': '14', 'date': 'Tue, 20 Feb 2024 09:56:00 GMT'})
selenium.webdriver.remote.remote_connection - DEBUG - Finished Request
selenium.webdriver.remote.remote_connection - DEBUG - POST http://localhost:52158/session/521b3051-fd4a-431b-aaa5-ab4d64ec80e4/element {'using': 'css selector', 'value': '[id="unit"]'}
urllib3.connectionpool - DEBUG - http://localhost:52158 "POST /session/521b3051-fd4a-431b-aaa5-ab4d64ec80e4/element HTTP/1.1" 200 0
selenium.webdriver.remote.remote_connection - DEBUG - Remote response: status=200 | data={"value":{"element-6066-11e4-a52e-4f735466cecf":"d87a4975-298e-48b3-aa98-88d6d4a72c4a"}} | headers=HTTPHeaderDict({'content-type': 'application/json; charset=utf-8', 'cache-control': 'no-cache', 'content-length': '88', 'date': 'Tue, 20 Feb 2024 09:56:01 GMT'})
selenium.webdriver.remote.remote_connection - DEBUG - Finished Request
selenium.webdriver.remote.remote_connection - DEBUG - POST http://localhost:52158/session/521b3051-fd4a-431b-aaa5-ab4d64ec80e4/element {'using': 'css selector', 'value': '[id="unit"]'}
urllib3.connectionpool - DEBUG - http://localhost:52158 "POST /session/521b3051-fd4a-431b-aaa5-ab4d64ec80e4/element HTTP/1.1" 200 0
selenium.webdriver.remote.remote_connection - DEBUG - Remote response: status=200 | data={"value":{"element-6066-11e4-a52e-4f735466cecf":"d87a4975-298e-48b3-aa98-88d6d4a72c4a"}} | headers=HTTPHeaderDict({'content-type': 'application/json; charset=utf-8', 'cache-control': 'no-cache', 'content-length': '88', 'date': 'Tue, 20 Feb 2024 09:56:01 GMT'})
selenium.webdriver.remote.remote_connection - DEBUG - Finished Request
selenium.webdriver.remote.remote_connection - DEBUG - POST http://localhost:52158/session/521b3051-fd4a-431b-aaa5-ab4d64ec80e4/execute/sync {'script': '/* isDisplayed */return (function(){return (function(){var k=this||self;function aa(a){return"string...', 'args': [{'element-6066-11e4-a52e-4f735466cecf': 'd87a4975-298e-48b3-aa98-88d6d4a72c4a'}]}
urllib3.connectionpool - DEBUG - http://localhost:52158 "POST /session/521b3051-fd4a-431b-aaa5-ab4d64ec80e4/execute/sync HTTP/1.1" 200 0
selenium.webdriver.remote.remote_connection - DEBUG - Remote response: status=200 | data={"value":true} | headers=HTTPHeaderDict({'content-type': 'application/json; charset=utf-8', 'cache-control': 'no-cache', 'content-length': '14', 'date': 'Tue, 20 Feb 2024 09:56:01 GMT'})
selenium.webdriver.remote.remote_connection - DEBUG - Finished Request
selenium.webdriver.remote.remote_connection - DEBUG - POST http://localhost:52158/session/521b3051-fd4a-431b-aaa5-ab4d64ec80e4/element {'using': 'css selector', 'value': '[id="unit"]'}
urllib3.connectionpool - DEBUG - http://localhost:52158 "POST /session/521b3051-fd4a-431b-aaa5-ab4d64ec80e4/element HTTP/1.1" 200 0
selenium.webdriver.remote.remote_connection - DEBUG - Remote response: status=200 | data={"value":{"element-6066-11e4-a52e-4f735466cecf":"d87a4975-298e-48b3-aa98-88d6d4a72c4a"}} | headers=HTTPHeaderDict({'content-type': 'application/json; charset=utf-8', 'cache-control': 'no-cache', 'content-length': '88', 'date': 'Tue, 20 Feb 2024 09:56:01 GMT'})
selenium.webdriver.remote.remote_connection - DEBUG - Finished Request
selenium.webdriver.remote.remote_connection - DEBUG - GET http://localhost:52158/session/521b3051-fd4a-431b-aaa5-ab4d64ec80e4/element/d87a4975-298e-48b3-aa98-88d6d4a72c4a/name {}
urllib3.connectionpool - DEBUG - http://localhost:52158 "GET /session/521b3051-fd4a-431b-aaa5-ab4d64ec80e4/element/d87a4975-298e-48b3-aa98-88d6d4a72c4a/name HTTP/1.1" 200 0
selenium.webdriver.remote.remote_connection - DEBUG - Remote response: status=200 | data={"value":"select"} | headers=HTTPHeaderDict({'content-type': 'application/json; charset=utf-8', 'cache-control': 'no-cache', 'content-length': '18', 'date': 'Tue, 20 Feb 2024 09:56:01 GMT'})
selenium.webdriver.remote.remote_connection - DEBUG - Finished Request
selenium.webdriver.remote.remote_connection - DEBUG - GET http://localhost:52158/session/521b3051-fd4a-431b-aaa5-ab4d64ec80e4/element/d87a4975-298e-48b3-aa98-88d6d4a72c4a/attribute/multiple {}
urllib3.connectionpool - DEBUG - http://localhost:52158 "GET /session/521b3051-fd4a-431b-aaa5-ab4d64ec80e4/element/d87a4975-298e-48b3-aa98-88d6d4a72c4a/attribute/multiple HTTP/1.1" 200 0
selenium.webdriver.remote.remote_connection - DEBUG - Remote response: status=200 | data={"value":null} | headers=HTTPHeaderDict({'content-type': 'application/json; charset=utf-8', 'cache-control': 'no-cache', 'content-length': '14', 'date': 'Tue, 20 Feb 2024 09:56:01 GMT'})
selenium.webdriver.remote.remote_connection - DEBUG - Finished Request
selenium.webdriver.remote.remote_connection - DEBUG - POST http://localhost:52158/session/521b3051-fd4a-431b-aaa5-ab4d64ec80e4/element/d87a4975-298e-48b3-aa98-88d6d4a72c4a/elements {'using': 'css selector', 'value': 'option[value ="F"]'}
urllib3.connectionpool - DEBUG - http://localhost:52158 "POST /session/521b3051-fd4a-431b-aaa5-ab4d64ec80e4/element/d87a4975-298e-48b3-aa98-88d6d4a72c4a/elements HTTP/1.1" 200 0
selenium.webdriver.remote.remote_connection - DEBUG - Remote response: status=200 | data={"value":[{"element-6066-11e4-a52e-4f735466cecf":"b48fba32-e2f6-4c34-8190-fb037087cbcb"}]} | headers=HTTPHeaderDict({'content-type': 'application/json; charset=utf-8', 'cache-control': 'no-cache', 'content-length': '90', 'date': 'Tue, 20 Feb 2024 09:56:01 GMT'})
selenium.webdriver.remote.remote_connection - DEBUG - Finished Request
selenium.webdriver.remote.remote_connection - DEBUG - GET http://localhost:52158/session/521b3051-fd4a-431b-aaa5-ab4d64ec80e4/element/b48fba32-e2f6-4c34-8190-fb037087cbcb/selected {}
urllib3.connectionpool - DEBUG - http://localhost:52158 "GET /session/521b3051-fd4a-431b-aaa5-ab4d64ec80e4/element/b48fba32-e2f6-4c34-8190-fb037087cbcb/selected HTTP/1.1" 200 0
selenium.webdriver.remote.remote_connection - DEBUG - Remote response: status=200 | data={"value":false} | headers=HTTPHeaderDict({'content-type': 'application/json; charset=utf-8', 'cache-control': 'no-cache', 'content-length': '15', 'date': 'Tue, 20 Feb 2024 09:56:01 GMT'})
selenium.webdriver.remote.remote_connection - DEBUG - Finished Request
selenium.webdriver.remote.remote_connection - DEBUG - GET http://localhost:52158/session/521b3051-fd4a-431b-aaa5-ab4d64ec80e4/element/b48fba32-e2f6-4c34-8190-fb037087cbcb/enabled {}
urllib3.connectionpool - DEBUG - http://localhost:52158 "GET /session/521b3051-fd4a-431b-aaa5-ab4d64ec80e4/element/b48fba32-e2f6-4c34-8190-fb037087cbcb/enabled HTTP/1.1" 200 0
selenium.webdriver.remote.remote_connection - DEBUG - Remote response: status=200 | data={"value":true} | headers=HTTPHeaderDict({'content-type': 'application/json; charset=utf-8', 'cache-control': 'no-cache', 'content-length': '14', 'date': 'Tue, 20 Feb 2024 09:56:01 GMT'})
selenium.webdriver.remote.remote_connection - DEBUG - Finished Request
selenium.webdriver.remote.remote_connection - DEBUG - POST http://localhost:52158/session/521b3051-fd4a-431b-aaa5-ab4d64ec80e4/element/b48fba32-e2f6-4c34-8190-fb037087cbcb/click {}
urllib3.connectionpool - DEBUG - http://localhost:52158 "POST /session/521b3051-fd4a-431b-aaa5-ab4d64ec80e4/element/b48fba32-e2f6-4c34-8190-fb037087cbcb/click HTTP/1.1" 200 0
selenium.webdriver.remote.remote_connection - DEBUG - Remote response: status=200 | data={"value":null} | headers=HTTPHeaderDict({'content-type': 'application/json; charset=utf-8', 'cache-control': 'no-cache', 'content-length': '14', 'date': 'Tue, 20 Feb 2024 09:56:01 GMT'})
selenium.webdriver.remote.remote_connection - DEBUG - Finished Request
selenium.webdriver.remote.remote_connection - DEBUG - POST http://localhost:52158/session/521b3051-fd4a-431b-aaa5-ab4d64ec80e4/url {'url': 'https://www.accuweather.com/en/vn/hoan-kiem/425226/afternoon-weather-forecast/425226?day=1'}
urllib3.connectionpool - DEBUG - http://localhost:52158 "POST /session/521b3051-fd4a-431b-aaa5-ab4d64ec80e4/url HTTP/1.1" 200 0
selenium.webdriver.remote.remote_connection - DEBUG - Remote response: status=200 | data={"value":null} | headers=HTTPHeaderDict({'content-type': 'application/json; charset=utf-8', 'cache-control': 'no-cache', 'content-length': '14', 'date': 'Tue, 20 Feb 2024 09:56:01 GMT'})
selenium.webdriver.remote.remote_connection - DEBUG - Finished Request
selenium.webdriver.remote.remote_connection - DEBUG - POST http://localhost:52158/session/521b3051-fd4a-431b-aaa5-ab4d64ec80e4/element {'using': 'xpath', 'value': '//p[contains(text(), "Humidity")]/span[@class="value"]'}
urllib3.connectionpool - DEBUG - http://localhost:52158 "POST /session/521b3051-fd4a-431b-aaa5-ab4d64ec80e4/element HTTP/1.1" 200 0
selenium.webdriver.remote.remote_connection - DEBUG - Remote response: status=200 | data={"value":{"element-6066-11e4-a52e-4f735466cecf":"db82a14a-64d3-4aac-adf2-d936fbef158f"}} | headers=HTTPHeaderDict({'content-type': 'application/json; charset=utf-8', 'cache-control': 'no-cache', 'content-length': '88', 'date': 'Tue, 20 Feb 2024 09:56:03 GMT'})
selenium.webdriver.remote.remote_connection - DEBUG - Finished Request
selenium.webdriver.remote.remote_connection - DEBUG - POST http://localhost:52158/session/521b3051-fd4a-431b-aaa5-ab4d64ec80e4/element {'using': 'xpath', 'value': '//p[contains(text(), "Humidity")]/span[@class="value"]'}
urllib3.connectionpool - DEBUG - http://localhost:52158 "POST /session/521b3051-fd4a-431b-aaa5-ab4d64ec80e4/element HTTP/1.1" 200 0
selenium.webdriver.remote.remote_connection - DEBUG - Remote response: status=200 | data={"value":{"element-6066-11e4-a52e-4f735466cecf":"db82a14a-64d3-4aac-adf2-d936fbef158f"}} | headers=HTTPHeaderDict({'content-type': 'application/json; charset=utf-8', 'cache-control': 'no-cache', 'content-length': '88', 'date': 'Tue, 20 Feb 2024 09:56:03 GMT'})
selenium.webdriver.remote.remote_connection - DEBUG - Finished Request
selenium.webdriver.remote.remote_connection - DEBUG - POST http://localhost:52158/session/521b3051-fd4a-431b-aaa5-ab4d64ec80e4/execute/sync {'script': '/* isDisplayed */return (function(){return (function(){var k=this||self;function aa(a){return"string...', 'args': [{'element-6066-11e4-a52e-4f735466cecf': 'db82a14a-64d3-4aac-adf2-d936fbef158f'}]}
urllib3.connectionpool - DEBUG - http://localhost:52158 "POST /session/521b3051-fd4a-431b-aaa5-ab4d64ec80e4/execute/sync HTTP/1.1" 200 0
selenium.webdriver.remote.remote_connection - DEBUG - Remote response: status=200 | data={"value":true} | headers=HTTPHeaderDict({'content-type': 'application/json; charset=utf-8', 'cache-control': 'no-cache', 'content-length': '14', 'date': 'Tue, 20 Feb 2024 09:56:03 GMT'})
selenium.webdriver.remote.remote_connection - DEBUG - Finished Request
selenium.webdriver.remote.remote_connection - DEBUG - POST http://localhost:52158/session/521b3051-fd4a-431b-aaa5-ab4d64ec80e4/element {'using': 'xpath', 'value': '//p[contains(text(), "Humidity")]/span[@class="value"]'}
urllib3.connectionpool - DEBUG - http://localhost:52158 "POST /session/521b3051-fd4a-431b-aaa5-ab4d64ec80e4/element HTTP/1.1" 200 0
selenium.webdriver.remote.remote_connection - DEBUG - Remote response: status=200 | data={"value":{"element-6066-11e4-a52e-4f735466cecf":"db82a14a-64d3-4aac-adf2-d936fbef158f"}} | headers=HTTPHeaderDict({'content-type': 'application/json; charset=utf-8', 'cache-control': 'no-cache', 'content-length': '88', 'date': 'Tue, 20 Feb 2024 09:56:03 GMT'})
selenium.webdriver.remote.remote_connection - DEBUG - Finished Request
selenium.webdriver.remote.remote_connection - DEBUG - GET http://localhost:52158/session/521b3051-fd4a-431b-aaa5-ab4d64ec80e4/element/db82a14a-64d3-4aac-adf2-d936fbef158f/text {}
urllib3.connectionpool - DEBUG - http://localhost:52158 "GET /session/521b3051-fd4a-431b-aaa5-ab4d64ec80e4/element/db82a14a-64d3-4aac-adf2-d936fbef158f/text HTTP/1.1" 200 0
selenium.webdriver.remote.remote_connection - DEBUG - Remote response: status=200 | data={"value":"59%"} | headers=HTTPHeaderDict({'content-type': 'application/json; charset=utf-8', 'cache-control': 'no-cache', 'content-length': '15', 'date': 'Tue, 20 Feb 2024 09:56:03 GMT'})
selenium.webdriver.remote.remote_connection - DEBUG - Finished Request
selenium.webdriver.remote.remote_connection - DEBUG - POST http://localhost:52158/session/521b3051-fd4a-431b-aaa5-ab4d64ec80e4/element {'using': 'xpath', 'value': '//span[@class="header-temp"]//span[@class="unit"]'}
urllib3.connectionpool - DEBUG - http://localhost:52158 "POST /session/521b3051-fd4a-431b-aaa5-ab4d64ec80e4/element HTTP/1.1" 200 0
selenium.webdriver.remote.remote_connection - DEBUG - Remote response: status=200 | data={"value":{"element-6066-11e4-a52e-4f735466cecf":"3854785f-4c69-4d22-9ba1-0b6420baa689"}} | headers=HTTPHeaderDict({'content-type': 'application/json; charset=utf-8', 'cache-control': 'no-cache', 'content-length': '88', 'date': 'Tue, 20 Feb 2024 09:56:03 GMT'})
selenium.webdriver.remote.remote_connection - DEBUG - Finished Request
selenium.webdriver.remote.remote_connection - DEBUG - POST http://localhost:52158/session/521b3051-fd4a-431b-aaa5-ab4d64ec80e4/element {'using': 'xpath', 'value': '//span[@class="header-temp"]//span[@class="unit"]'}
urllib3.connectionpool - DEBUG - http://localhost:52158 "POST /session/521b3051-fd4a-431b-aaa5-ab4d64ec80e4/element HTTP/1.1" 200 0
selenium.webdriver.remote.remote_connection - DEBUG - Remote response: status=200 | data={"value":{"element-6066-11e4-a52e-4f735466cecf":"3854785f-4c69-4d22-9ba1-0b6420baa689"}} | headers=HTTPHeaderDict({'content-type': 'application/json; charset=utf-8', 'cache-control': 'no-cache', 'content-length': '88', 'date': 'Tue, 20 Feb 2024 09:56:03 GMT'})
selenium.webdriver.remote.remote_connection - DEBUG - Finished Request
selenium.webdriver.remote.remote_connection - DEBUG - POST http://localhost:52158/session/521b3051-fd4a-431b-aaa5-ab4d64ec80e4/execute/sync {'script': '/* isDisplayed */return (function(){return (function(){var k=this||self;function aa(a){return"string...', 'args': [{'element-6066-11e4-a52e-4f735466cecf': '3854785f-4c69-4d22-9ba1-0b6420baa689'}]}
urllib3.connectionpool - DEBUG - http://localhost:52158 "POST /session/521b3051-fd4a-431b-aaa5-ab4d64ec80e4/execute/sync HTTP/1.1" 200 0
selenium.webdriver.remote.remote_connection - DEBUG - Remote response: status=200 | data={"value":true} | headers=HTTPHeaderDict({'content-type': 'application/json; charset=utf-8', 'cache-control': 'no-cache', 'content-length': '14', 'date': 'Tue, 20 Feb 2024 09:56:03 GMT'})
selenium.webdriver.remote.remote_connection - DEBUG - Finished Request
selenium.webdriver.remote.remote_connection - DEBUG - POST http://localhost:52158/session/521b3051-fd4a-431b-aaa5-ab4d64ec80e4/element {'using': 'xpath', 'value': '//span[@class="header-temp"]//span[@class="unit"]'}
urllib3.connectionpool - DEBUG - http://localhost:52158 "POST /session/521b3051-fd4a-431b-aaa5-ab4d64ec80e4/element HTTP/1.1" 200 0
selenium.webdriver.remote.remote_connection - DEBUG - Remote response: status=200 | data={"value":{"element-6066-11e4-a52e-4f735466cecf":"3854785f-4c69-4d22-9ba1-0b6420baa689"}} | headers=HTTPHeaderDict({'content-type': 'application/json; charset=utf-8', 'cache-control': 'no-cache', 'content-length': '88', 'date': 'Tue, 20 Feb 2024 09:56:03 GMT'})
selenium.webdriver.remote.remote_connection - DEBUG - Finished Request
selenium.webdriver.remote.remote_connection - DEBUG - GET http://localhost:52158/session/521b3051-fd4a-431b-aaa5-ab4d64ec80e4/element/3854785f-4c69-4d22-9ba1-0b6420baa689/text {}
urllib3.connectionpool - DEBUG - http://localhost:52158 "GET /session/521b3051-fd4a-431b-aaa5-ab4d64ec80e4/element/3854785f-4c69-4d22-9ba1-0b6420baa689/text HTTP/1.1" 200 0
selenium.webdriver.remote.remote_connection - DEBUG - Remote response: status=200 | data={"value":"F"} | headers=HTTPHeaderDict({'content-type': 'application/json; charset=utf-8', 'cache-control': 'no-cache', 'content-length': '13', 'date': 'Tue, 20 Feb 2024 09:56:03 GMT'})
selenium.webdriver.remote.remote_connection - DEBUG - Finished Request
selenium.webdriver.remote.remote_connection - DEBUG - POST http://localhost:52158/session/521b3051-fd4a-431b-aaa5-ab4d64ec80e4/element {'using': 'xpath', 'value': '//div[@class="weather"]//div[@class="temperature"]'}
urllib3.connectionpool - DEBUG - http://localhost:52158 "POST /session/521b3051-fd4a-431b-aaa5-ab4d64ec80e4/element HTTP/1.1" 200 0
selenium.webdriver.remote.remote_connection - DEBUG - Remote response: status=200 | data={"value":{"element-6066-11e4-a52e-4f735466cecf":"17403e22-dd26-4103-8ed5-96187a697563"}} | headers=HTTPHeaderDict({'content-type': 'application/json; charset=utf-8', 'cache-control': 'no-cache', 'content-length': '88', 'date': 'Tue, 20 Feb 2024 09:56:03 GMT'})
selenium.webdriver.remote.remote_connection - DEBUG - Finished Request
selenium.webdriver.remote.remote_connection - DEBUG - POST http://localhost:52158/session/521b3051-fd4a-431b-aaa5-ab4d64ec80e4/element {'using': 'xpath', 'value': '//div[@class="weather"]//div[@class="temperature"]'}
urllib3.connectionpool - DEBUG - http://localhost:52158 "POST /session/521b3051-fd4a-431b-aaa5-ab4d64ec80e4/element HTTP/1.1" 200 0
selenium.webdriver.remote.remote_connection - DEBUG - Remote response: status=200 | data={"value":{"element-6066-11e4-a52e-4f735466cecf":"17403e22-dd26-4103-8ed5-96187a697563"}} | headers=HTTPHeaderDict({'content-type': 'application/json; charset=utf-8', 'cache-control': 'no-cache', 'content-length': '88', 'date': 'Tue, 20 Feb 2024 09:56:03 GMT'})
selenium.webdriver.remote.remote_connection - DEBUG - Finished Request
selenium.webdriver.remote.remote_connection - DEBUG - POST http://localhost:52158/session/521b3051-fd4a-431b-aaa5-ab4d64ec80e4/execute/sync {'script': '/* isDisplayed */return (function(){return (function(){var k=this||self;function aa(a){return"string...', 'args': [{'element-6066-11e4-a52e-4f735466cecf': '17403e22-dd26-4103-8ed5-96187a697563'}]}
urllib3.connectionpool - DEBUG - http://localhost:52158 "POST /session/521b3051-fd4a-431b-aaa5-ab4d64ec80e4/execute/sync HTTP/1.1" 200 0
selenium.webdriver.remote.remote_connection - DEBUG - Remote response: status=200 | data={"value":true} | headers=HTTPHeaderDict({'content-type': 'application/json; charset=utf-8', 'cache-control': 'no-cache', 'content-length': '14', 'date': 'Tue, 20 Feb 2024 09:56:03 GMT'})
selenium.webdriver.remote.remote_connection - DEBUG - Finished Request
selenium.webdriver.remote.remote_connection - DEBUG - POST http://localhost:52158/session/521b3051-fd4a-431b-aaa5-ab4d64ec80e4/element {'using': 'xpath', 'value': '//div[@class="weather"]//div[@class="temperature"]'}
urllib3.connectionpool - DEBUG - http://localhost:52158 "POST /session/521b3051-fd4a-431b-aaa5-ab4d64ec80e4/element HTTP/1.1" 200 0
selenium.webdriver.remote.remote_connection - DEBUG - Remote response: status=200 | data={"value":{"element-6066-11e4-a52e-4f735466cecf":"17403e22-dd26-4103-8ed5-96187a697563"}} | headers=HTTPHeaderDict({'content-type': 'application/json; charset=utf-8', 'cache-control': 'no-cache', 'content-length': '88', 'date': 'Tue, 20 Feb 2024 09:56:03 GMT'})
selenium.webdriver.remote.remote_connection - DEBUG - Finished Request
selenium.webdriver.remote.remote_connection - DEBUG - GET http://localhost:52158/session/521b3051-fd4a-431b-aaa5-ab4d64ec80e4/element/17403e22-dd26-4103-8ed5-96187a697563/text {}
urllib3.connectionpool - DEBUG - http://localhost:52158 "GET /session/521b3051-fd4a-431b-aaa5-ab4d64ec80e4/element/17403e22-dd26-4103-8ed5-96187a697563/text HTTP/1.1" 200 0
selenium.webdriver.remote.remote_connection - DEBUG - Remote response: status=200 | data={"value":"91°"} | headers=HTTPHeaderDict({'content-type': 'application/json; charset=utf-8', 'cache-control': 'no-cache', 'content-length': '16', 'date': 'Tue, 20 Feb 2024 09:56:03 GMT'})
selenium.webdriver.remote.remote_connection - DEBUG - Finished Request
selenium.webdriver.remote.remote_connection - DEBUG - DELETE http://localhost:52158/session/521b3051-fd4a-431b-aaa5-ab4d64ec80e4 {}
urllib3.connectionpool - DEBUG - http://localhost:52158 "DELETE /session/521b3051-fd4a-431b-aaa5-ab4d64ec80e4 HTTP/1.1" 200 0
selenium.webdriver.remote.remote_connection - DEBUG - Remote response: status=200 | data={"value":null} | headers=HTTPHeaderDict({'content-type': 'application/json; charset=utf-8', 'cache-control': 'no-cache', 'content-length': '14', 'date': 'Tue, 20 Feb 2024 09:56:03 GMT'})
selenium.webdriver.remote.remote_connection - DEBUG - Finished Request
