selenium.webdriver.common.selenium_manager - DEBUG - Selenium Manager binary found at: C:\Users\doanh\AppData\Local\Programs\Python\Python312\Lib\site-packages\selenium\webdriver\common\windows\selenium-manager.exe
selenium.webdriver.common.selenium_manager - DEBUG - Executing process: C:\Users\doanh\AppData\Local\Programs\Python\Python312\Lib\site-packages\selenium\webdriver\common\windows\selenium-manager.exe --browser firefox --debug --language-binding python --output json
selenium.webdriver.common.selenium_manager - DEBUG - geckodriver not found in PATH
selenium.webdriver.common.selenium_manager - DEBUG - firefox detected at C:\Program Files\Mozilla Firefox\firefox.exe
selenium.webdriver.common.selenium_manager - DEBUG - Running command: wmic datafile where name='C:\\Program Files\\Mozilla Firefox\\firefox.exe' get Version /value
selenium.webdriver.common.selenium_manager - DEBUG - Output: "\r\r\n\r\r\nVersion=122.0.1.8801\r\r\n\r\r\n\r\r\n\r"
selenium.webdriver.common.selenium_manager - DEBUG - Detected browser: firefox 122.0.1.8801
selenium.webdriver.common.selenium_manager - DEBUG - Required driver: geckodriver 0.34.0
selenium.webdriver.common.selenium_manager - DEBUG - geckodriver 0.34.0 already in the cache
selenium.webdriver.common.selenium_manager - DEBUG - Driver path: C:\Users\doanh\.cache\selenium\geckodriver\win64\0.34.0\geckodriver.exe
selenium.webdriver.common.selenium_manager - DEBUG - Browser path: C:\Program Files\Mozilla Firefox\firefox.exe
selenium.webdriver.common.selenium_manager - DEBUG - Using driver at: C:\Users\doanh\.cache\selenium\geckodriver\win64\0.34.0\geckodriver.exe
selenium.webdriver.common.service - DEBUG - Started executable: `C:\Users\doanh\.cache\selenium\geckodriver\win64\0.34.0\geckodriver.exe` in a child process with pid: 91988 using 0 to output -3
selenium.webdriver.remote.remote_connection - DEBUG - POST http://localhost:52167/session {'capabilities': {'firstMatch': [{}], 'alwaysMatch': {'browserName': 'firefox', 'acceptInsecureCerts': True, 'moz:debuggerAddress': True, 'pageLoadStrategy': <PageLoadStrategy.normal: 'normal'>, 'browserVersion': None, 'moz:firefoxOptions': {'binary': 'C:\\Program Files\\Mozilla Firefox\\firefox.exe'}}}}
urllib3.connectionpool - DEBUG - Starting new HTTP connection (1): localhost:52167
urllib3.connectionpool - DEBUG - http://localhost:52167 "POST /session HTTP/1.1" 200 0
selenium.webdriver.remote.remote_connection - DEBUG - Remote response: status=200 | data={"value":{"sessionId":"026e98c5-5da3-4452-9fb7-4be5f884acb1","capabilities":{"acceptInsecureCerts":true,"browserName":"firefox","browserVersion":"122.0.1","moz:accessibilityChecks":false,"moz:buildID":"20240205133611","moz:debuggerAddress":"127.0.0.1:52168","moz:geckodriverVersion":"0.34.0","moz:headless":false,"moz:platformVersion":"10.0","moz:processID":107548,"moz:profile":"C:\\Users\\doanh\\AppData\\Local\\Temp\\rust_mozprofilecxV2Xb","moz:shutdownTimeout":60000,"moz:webdriverClick":true,"moz:windowless":false,"pageLoadStrategy":"normal","platformName":"windows","proxy":{},"setWindowRect":true,"strictFileInteractability":false,"timeouts":{"implicit":0,"pageLoad":300000,"script":30000},"unhandledPromptBehavior":"dismiss and notify"}}} | headers=HTTPHeaderDict({'content-type': 'application/json; charset=utf-8', 'cache-control': 'no-cache', 'content-length': '747', 'date': 'Tue, 20 Feb 2024 09:55:11 GMT'})
selenium.webdriver.remote.remote_connection - DEBUG - Finished Request
selenium.webdriver.remote.remote_connection - DEBUG - POST http://localhost:52167/session/026e98c5-5da3-4452-9fb7-4be5f884acb1/url {'url': 'https://www.accuweather.com/en/vn/hoan-kiem/425226/afternoon-weather-forecast/425226?day=2'}
urllib3.connectionpool - DEBUG - http://localhost:52167 "POST /session/026e98c5-5da3-4452-9fb7-4be5f884acb1/url HTTP/1.1" 200 0
selenium.webdriver.remote.remote_connection - DEBUG - Remote response: status=200 | data={"value":null} | headers=HTTPHeaderDict({'content-type': 'application/json; charset=utf-8', 'cache-control': 'no-cache', 'content-length': '14', 'date': 'Tue, 20 Feb 2024 09:55:16 GMT'})
selenium.webdriver.remote.remote_connection - DEBUG - Finished Request
selenium.webdriver.remote.remote_connection - DEBUG - POST http://localhost:52167/session/026e98c5-5da3-4452-9fb7-4be5f884acb1/url {'url': 'https://www.accuweather.com/en/vn/hoan-kiem/425226/afternoon-weather-forecast/425226?day=2'}
urllib3.connectionpool - DEBUG - http://localhost:52167 "POST /session/026e98c5-5da3-4452-9fb7-4be5f884acb1/url HTTP/1.1" 200 0
selenium.webdriver.remote.remote_connection - DEBUG - Remote response: status=200 | data={"value":null} | headers=HTTPHeaderDict({'content-type': 'application/json; charset=utf-8', 'cache-control': 'no-cache', 'content-length': '14', 'date': 'Tue, 20 Feb 2024 09:55:40 GMT'})
selenium.webdriver.remote.remote_connection - DEBUG - Finished Request
selenium.webdriver.remote.remote_connection - DEBUG - POST http://localhost:52167/session/026e98c5-5da3-4452-9fb7-4be5f884acb1/url {'url': 'https://www.accuweather.com/en/vn/hoan-kiem/425226/afternoon-weather-forecast/425226?day=2'}
urllib3.connectionpool - DEBUG - http://localhost:52167 "POST /session/026e98c5-5da3-4452-9fb7-4be5f884acb1/url HTTP/1.1" 200 0
selenium.webdriver.remote.remote_connection - DEBUG - Remote response: status=200 | data={"value":null} | headers=HTTPHeaderDict({'content-type': 'application/json; charset=utf-8', 'cache-control': 'no-cache', 'content-length': '14', 'date': 'Tue, 20 Feb 2024 09:56:02 GMT'})
selenium.webdriver.remote.remote_connection - DEBUG - Finished Request
selenium.webdriver.remote.remote_connection - DEBUG - POST http://localhost:52167/session/026e98c5-5da3-4452-9fb7-4be5f884acb1/actions {'actions': [{'type': 'pointer', 'parameters': {'pointerType': 'mouse'}, 'id': 'mouse', 'actions': [{'type': 'pointerMove', 'duration': 250, 'x': 50, 'y': 50, 'origin': 'pointer'}, {'type': 'pause', 'duration': 2000}, {'type': 'pointerDown', 'duration': 0, 'button': 0}, {'type': 'pointerUp', 'duration': 0, 'button': 0}]}, {'type': 'key', 'id': 'key', 'actions': [{'type': 'pause', 'duration': 0}, {'type': 'pause', 'duration': 2000}, {'type': 'pause', 'duration': 0}, {'type': 'pause', 'duration': 0}]}]}
urllib3.connectionpool - DEBUG - http://localhost:52167 "POST /session/026e98c5-5da3-4452-9fb7-4be5f884acb1/actions HTTP/1.1" 200 0
selenium.webdriver.remote.remote_connection - DEBUG - Remote response: status=200 | data={"value":null} | headers=HTTPHeaderDict({'content-type': 'application/json; charset=utf-8', 'cache-control': 'no-cache', 'content-length': '14', 'date': 'Tue, 20 Feb 2024 09:56:04 GMT'})
selenium.webdriver.remote.remote_connection - DEBUG - Finished Request
selenium.webdriver.remote.remote_connection - DEBUG - POST http://localhost:52167/session/026e98c5-5da3-4452-9fb7-4be5f884acb1/element {'using': 'xpath', 'value': '//p[contains(text(), "Humidity")]/span[@class="value"]'}
urllib3.connectionpool - DEBUG - http://localhost:52167 "POST /session/026e98c5-5da3-4452-9fb7-4be5f884acb1/element HTTP/1.1" 200 0
selenium.webdriver.remote.remote_connection - DEBUG - Remote response: status=200 | data={"value":{"element-6066-11e4-a52e-4f735466cecf":"92f5d221-e885-403b-8c13-ba2993640efa"}} | headers=HTTPHeaderDict({'content-type': 'application/json; charset=utf-8', 'cache-control': 'no-cache', 'content-length': '88', 'date': 'Tue, 20 Feb 2024 09:56:12 GMT'})
selenium.webdriver.remote.remote_connection - DEBUG - Finished Request
selenium.webdriver.remote.remote_connection - DEBUG - POST http://localhost:52167/session/026e98c5-5da3-4452-9fb7-4be5f884acb1/element {'using': 'xpath', 'value': '//p[contains(text(), "Humidity")]/span[@class="value"]'}
urllib3.connectionpool - DEBUG - http://localhost:52167 "POST /session/026e98c5-5da3-4452-9fb7-4be5f884acb1/element HTTP/1.1" 200 0
selenium.webdriver.remote.remote_connection - DEBUG - Remote response: status=200 | data={"value":{"element-6066-11e4-a52e-4f735466cecf":"92f5d221-e885-403b-8c13-ba2993640efa"}} | headers=HTTPHeaderDict({'content-type': 'application/json; charset=utf-8', 'cache-control': 'no-cache', 'content-length': '88', 'date': 'Tue, 20 Feb 2024 09:56:12 GMT'})
selenium.webdriver.remote.remote_connection - DEBUG - Finished Request
selenium.webdriver.remote.remote_connection - DEBUG - POST http://localhost:52167/session/026e98c5-5da3-4452-9fb7-4be5f884acb1/execute/sync {'script': '/* isDisplayed */return (function(){return (function(){var k=this||self;function aa(a){return"string...', 'args': [{'element-6066-11e4-a52e-4f735466cecf': '92f5d221-e885-403b-8c13-ba2993640efa'}]}
urllib3.connectionpool - DEBUG - http://localhost:52167 "POST /session/026e98c5-5da3-4452-9fb7-4be5f884acb1/execute/sync HTTP/1.1" 200 0
selenium.webdriver.remote.remote_connection - DEBUG - Remote response: status=200 | data={"value":true} | headers=HTTPHeaderDict({'content-type': 'application/json; charset=utf-8', 'cache-control': 'no-cache', 'content-length': '14', 'date': 'Tue, 20 Feb 2024 09:56:12 GMT'})
selenium.webdriver.remote.remote_connection - DEBUG - Finished Request
selenium.webdriver.remote.remote_connection - DEBUG - POST http://localhost:52167/session/026e98c5-5da3-4452-9fb7-4be5f884acb1/element {'using': 'xpath', 'value': '//p[contains(text(), "Humidity")]/span[@class="value"]'}
urllib3.connectionpool - DEBUG - http://localhost:52167 "POST /session/026e98c5-5da3-4452-9fb7-4be5f884acb1/element HTTP/1.1" 200 0
selenium.webdriver.remote.remote_connection - DEBUG - Remote response: status=200 | data={"value":{"element-6066-11e4-a52e-4f735466cecf":"92f5d221-e885-403b-8c13-ba2993640efa"}} | headers=HTTPHeaderDict({'content-type': 'application/json; charset=utf-8', 'cache-control': 'no-cache', 'content-length': '88', 'date': 'Tue, 20 Feb 2024 09:56:12 GMT'})
selenium.webdriver.remote.remote_connection - DEBUG - Finished Request
selenium.webdriver.remote.remote_connection - DEBUG - GET http://localhost:52167/session/026e98c5-5da3-4452-9fb7-4be5f884acb1/element/92f5d221-e885-403b-8c13-ba2993640efa/text {}
urllib3.connectionpool - DEBUG - http://localhost:52167 "GET /session/026e98c5-5da3-4452-9fb7-4be5f884acb1/element/92f5d221-e885-403b-8c13-ba2993640efa/text HTTP/1.1" 200 0
selenium.webdriver.remote.remote_connection - DEBUG - Remote response: status=200 | data={"value":"58%"} | headers=HTTPHeaderDict({'content-type': 'application/json; charset=utf-8', 'cache-control': 'no-cache', 'content-length': '15', 'date': 'Tue, 20 Feb 2024 09:56:12 GMT'})
selenium.webdriver.remote.remote_connection - DEBUG - Finished Request
selenium.webdriver.remote.remote_connection - DEBUG - POST http://localhost:52167/session/026e98c5-5da3-4452-9fb7-4be5f884acb1/element {'using': 'xpath', 'value': '//span[@class="header-temp"]//span[@class="unit"]'}
urllib3.connectionpool - DEBUG - http://localhost:52167 "POST /session/026e98c5-5da3-4452-9fb7-4be5f884acb1/element HTTP/1.1" 200 0
selenium.webdriver.remote.remote_connection - DEBUG - Remote response: status=200 | data={"value":{"element-6066-11e4-a52e-4f735466cecf":"485fd74c-f2e3-41f3-a0f5-757decdd9c68"}} | headers=HTTPHeaderDict({'content-type': 'application/json; charset=utf-8', 'cache-control': 'no-cache', 'content-length': '88', 'date': 'Tue, 20 Feb 2024 09:56:12 GMT'})
selenium.webdriver.remote.remote_connection - DEBUG - Finished Request
selenium.webdriver.remote.remote_connection - DEBUG - POST http://localhost:52167/session/026e98c5-5da3-4452-9fb7-4be5f884acb1/element {'using': 'xpath', 'value': '//span[@class="header-temp"]//span[@class="unit"]'}
urllib3.connectionpool - DEBUG - http://localhost:52167 "POST /session/026e98c5-5da3-4452-9fb7-4be5f884acb1/element HTTP/1.1" 200 0
selenium.webdriver.remote.remote_connection - DEBUG - Remote response: status=200 | data={"value":{"element-6066-11e4-a52e-4f735466cecf":"485fd74c-f2e3-41f3-a0f5-757decdd9c68"}} | headers=HTTPHeaderDict({'content-type': 'application/json; charset=utf-8', 'cache-control': 'no-cache', 'content-length': '88', 'date': 'Tue, 20 Feb 2024 09:56:12 GMT'})
selenium.webdriver.remote.remote_connection - DEBUG - Finished Request
selenium.webdriver.remote.remote_connection - DEBUG - POST http://localhost:52167/session/026e98c5-5da3-4452-9fb7-4be5f884acb1/execute/sync {'script': '/* isDisplayed */return (function(){return (function(){var k=this||self;function aa(a){return"string...', 'args': [{'element-6066-11e4-a52e-4f735466cecf': '485fd74c-f2e3-41f3-a0f5-757decdd9c68'}]}
urllib3.connectionpool - DEBUG - http://localhost:52167 "POST /session/026e98c5-5da3-4452-9fb7-4be5f884acb1/execute/sync HTTP/1.1" 200 0
selenium.webdriver.remote.remote_connection - DEBUG - Remote response: status=200 | data={"value":true} | headers=HTTPHeaderDict({'content-type': 'application/json; charset=utf-8', 'cache-control': 'no-cache', 'content-length': '14', 'date': 'Tue, 20 Feb 2024 09:56:12 GMT'})
selenium.webdriver.remote.remote_connection - DEBUG - Finished Request
selenium.webdriver.remote.remote_connection - DEBUG - POST http://localhost:52167/session/026e98c5-5da3-4452-9fb7-4be5f884acb1/element {'using': 'xpath', 'value': '//span[@class="header-temp"]//span[@class="unit"]'}
urllib3.connectionpool - DEBUG - http://localhost:52167 "POST /session/026e98c5-5da3-4452-9fb7-4be5f884acb1/element HTTP/1.1" 200 0
selenium.webdriver.remote.remote_connection - DEBUG - Remote response: status=200 | data={"value":{"element-6066-11e4-a52e-4f735466cecf":"485fd74c-f2e3-41f3-a0f5-757decdd9c68"}} | headers=HTTPHeaderDict({'content-type': 'application/json; charset=utf-8', 'cache-control': 'no-cache', 'content-length': '88', 'date': 'Tue, 20 Feb 2024 09:56:12 GMT'})
selenium.webdriver.remote.remote_connection - DEBUG - Finished Request
selenium.webdriver.remote.remote_connection - DEBUG - GET http://localhost:52167/session/026e98c5-5da3-4452-9fb7-4be5f884acb1/element/485fd74c-f2e3-41f3-a0f5-757decdd9c68/text {}
urllib3.connectionpool - DEBUG - http://localhost:52167 "GET /session/026e98c5-5da3-4452-9fb7-4be5f884acb1/element/485fd74c-f2e3-41f3-a0f5-757decdd9c68/text HTTP/1.1" 200 0
selenium.webdriver.remote.remote_connection - DEBUG - Remote response: status=200 | data={"value":"C"} | headers=HTTPHeaderDict({'content-type': 'application/json; charset=utf-8', 'cache-control': 'no-cache', 'content-length': '13', 'date': 'Tue, 20 Feb 2024 09:56:12 GMT'})
selenium.webdriver.remote.remote_connection - DEBUG - Finished Request
selenium.webdriver.remote.remote_connection - DEBUG - POST http://localhost:52167/session/026e98c5-5da3-4452-9fb7-4be5f884acb1/element {'using': 'xpath', 'value': '//div[@class="weather"]//div[@class="temperature"]'}
urllib3.connectionpool - DEBUG - http://localhost:52167 "POST /session/026e98c5-5da3-4452-9fb7-4be5f884acb1/element HTTP/1.1" 200 0
selenium.webdriver.remote.remote_connection - DEBUG - Remote response: status=200 | data={"value":{"element-6066-11e4-a52e-4f735466cecf":"0e654014-8725-457a-891c-0a3bc2d9c329"}} | headers=HTTPHeaderDict({'content-type': 'application/json; charset=utf-8', 'cache-control': 'no-cache', 'content-length': '88', 'date': 'Tue, 20 Feb 2024 09:56:12 GMT'})
selenium.webdriver.remote.remote_connection - DEBUG - Finished Request
selenium.webdriver.remote.remote_connection - DEBUG - POST http://localhost:52167/session/026e98c5-5da3-4452-9fb7-4be5f884acb1/element {'using': 'xpath', 'value': '//div[@class="weather"]//div[@class="temperature"]'}
urllib3.connectionpool - DEBUG - http://localhost:52167 "POST /session/026e98c5-5da3-4452-9fb7-4be5f884acb1/element HTTP/1.1" 200 0
selenium.webdriver.remote.remote_connection - DEBUG - Remote response: status=200 | data={"value":{"element-6066-11e4-a52e-4f735466cecf":"0e654014-8725-457a-891c-0a3bc2d9c329"}} | headers=HTTPHeaderDict({'content-type': 'application/json; charset=utf-8', 'cache-control': 'no-cache', 'content-length': '88', 'date': 'Tue, 20 Feb 2024 09:56:12 GMT'})
selenium.webdriver.remote.remote_connection - DEBUG - Finished Request
selenium.webdriver.remote.remote_connection - DEBUG - POST http://localhost:52167/session/026e98c5-5da3-4452-9fb7-4be5f884acb1/execute/sync {'script': '/* isDisplayed */return (function(){return (function(){var k=this||self;function aa(a){return"string...', 'args': [{'element-6066-11e4-a52e-4f735466cecf': '0e654014-8725-457a-891c-0a3bc2d9c329'}]}
urllib3.connectionpool - DEBUG - http://localhost:52167 "POST /session/026e98c5-5da3-4452-9fb7-4be5f884acb1/execute/sync HTTP/1.1" 200 0
selenium.webdriver.remote.remote_connection - DEBUG - Remote response: status=200 | data={"value":true} | headers=HTTPHeaderDict({'content-type': 'application/json; charset=utf-8', 'cache-control': 'no-cache', 'content-length': '14', 'date': 'Tue, 20 Feb 2024 09:56:12 GMT'})
selenium.webdriver.remote.remote_connection - DEBUG - Finished Request
selenium.webdriver.remote.remote_connection - DEBUG - POST http://localhost:52167/session/026e98c5-5da3-4452-9fb7-4be5f884acb1/element {'using': 'xpath', 'value': '//div[@class="weather"]//div[@class="temperature"]'}
urllib3.connectionpool - DEBUG - http://localhost:52167 "POST /session/026e98c5-5da3-4452-9fb7-4be5f884acb1/element HTTP/1.1" 200 0
selenium.webdriver.remote.remote_connection - DEBUG - Remote response: status=200 | data={"value":{"element-6066-11e4-a52e-4f735466cecf":"0e654014-8725-457a-891c-0a3bc2d9c329"}} | headers=HTTPHeaderDict({'content-type': 'application/json; charset=utf-8', 'cache-control': 'no-cache', 'content-length': '88', 'date': 'Tue, 20 Feb 2024 09:56:12 GMT'})
selenium.webdriver.remote.remote_connection - DEBUG - Finished Request
selenium.webdriver.remote.remote_connection - DEBUG - GET http://localhost:52167/session/026e98c5-5da3-4452-9fb7-4be5f884acb1/element/0e654014-8725-457a-891c-0a3bc2d9c329/text {}
urllib3.connectionpool - DEBUG - http://localhost:52167 "GET /session/026e98c5-5da3-4452-9fb7-4be5f884acb1/element/0e654014-8725-457a-891c-0a3bc2d9c329/text HTTP/1.1" 200 0
selenium.webdriver.remote.remote_connection - DEBUG - Remote response: status=200 | data={"value":"33°"} | headers=HTTPHeaderDict({'content-type': 'application/json; charset=utf-8', 'cache-control': 'no-cache', 'content-length': '16', 'date': 'Tue, 20 Feb 2024 09:56:12 GMT'})
selenium.webdriver.remote.remote_connection - DEBUG - Finished Request
selenium.webdriver.remote.remote_connection - DEBUG - POST http://localhost:52167/session/026e98c5-5da3-4452-9fb7-4be5f884acb1/element {'using': 'xpath', 'value': '//span[@class="header-temp"]//span[@class="unit"]'}
urllib3.connectionpool - DEBUG - http://localhost:52167 "POST /session/026e98c5-5da3-4452-9fb7-4be5f884acb1/element HTTP/1.1" 200 0
selenium.webdriver.remote.remote_connection - DEBUG - Remote response: status=200 | data={"value":{"element-6066-11e4-a52e-4f735466cecf":"485fd74c-f2e3-41f3-a0f5-757decdd9c68"}} | headers=HTTPHeaderDict({'content-type': 'application/json; charset=utf-8', 'cache-control': 'no-cache', 'content-length': '88', 'date': 'Tue, 20 Feb 2024 09:56:12 GMT'})
selenium.webdriver.remote.remote_connection - DEBUG - Finished Request
selenium.webdriver.remote.remote_connection - DEBUG - POST http://localhost:52167/session/026e98c5-5da3-4452-9fb7-4be5f884acb1/element {'using': 'xpath', 'value': '//span[@class="header-temp"]//span[@class="unit"]'}
urllib3.connectionpool - DEBUG - http://localhost:52167 "POST /session/026e98c5-5da3-4452-9fb7-4be5f884acb1/element HTTP/1.1" 200 0
selenium.webdriver.remote.remote_connection - DEBUG - Remote response: status=200 | data={"value":{"element-6066-11e4-a52e-4f735466cecf":"485fd74c-f2e3-41f3-a0f5-757decdd9c68"}} | headers=HTTPHeaderDict({'content-type': 'application/json; charset=utf-8', 'cache-control': 'no-cache', 'content-length': '88', 'date': 'Tue, 20 Feb 2024 09:56:12 GMT'})
selenium.webdriver.remote.remote_connection - DEBUG - Finished Request
selenium.webdriver.remote.remote_connection - DEBUG - POST http://localhost:52167/session/026e98c5-5da3-4452-9fb7-4be5f884acb1/execute/sync {'script': '/* isDisplayed */return (function(){return (function(){var k=this||self;function aa(a){return"string...', 'args': [{'element-6066-11e4-a52e-4f735466cecf': '485fd74c-f2e3-41f3-a0f5-757decdd9c68'}]}
urllib3.connectionpool - DEBUG - http://localhost:52167 "POST /session/026e98c5-5da3-4452-9fb7-4be5f884acb1/execute/sync HTTP/1.1" 200 0
selenium.webdriver.remote.remote_connection - DEBUG - Remote response: status=200 | data={"value":true} | headers=HTTPHeaderDict({'content-type': 'application/json; charset=utf-8', 'cache-control': 'no-cache', 'content-length': '14', 'date': 'Tue, 20 Feb 2024 09:56:12 GMT'})
selenium.webdriver.remote.remote_connection - DEBUG - Finished Request
selenium.webdriver.remote.remote_connection - DEBUG - POST http://localhost:52167/session/026e98c5-5da3-4452-9fb7-4be5f884acb1/element {'using': 'xpath', 'value': '//span[@class="header-temp"]//span[@class="unit"]'}
urllib3.connectionpool - DEBUG - http://localhost:52167 "POST /session/026e98c5-5da3-4452-9fb7-4be5f884acb1/element HTTP/1.1" 200 0
selenium.webdriver.remote.remote_connection - DEBUG - Remote response: status=200 | data={"value":{"element-6066-11e4-a52e-4f735466cecf":"485fd74c-f2e3-41f3-a0f5-757decdd9c68"}} | headers=HTTPHeaderDict({'content-type': 'application/json; charset=utf-8', 'cache-control': 'no-cache', 'content-length': '88', 'date': 'Tue, 20 Feb 2024 09:56:12 GMT'})
selenium.webdriver.remote.remote_connection - DEBUG - Finished Request
selenium.webdriver.remote.remote_connection - DEBUG - GET http://localhost:52167/session/026e98c5-5da3-4452-9fb7-4be5f884acb1/element/485fd74c-f2e3-41f3-a0f5-757decdd9c68/text {}
urllib3.connectionpool - DEBUG - http://localhost:52167 "GET /session/026e98c5-5da3-4452-9fb7-4be5f884acb1/element/485fd74c-f2e3-41f3-a0f5-757decdd9c68/text HTTP/1.1" 200 0
selenium.webdriver.remote.remote_connection - DEBUG - Remote response: status=200 | data={"value":"C"} | headers=HTTPHeaderDict({'content-type': 'application/json; charset=utf-8', 'cache-control': 'no-cache', 'content-length': '13', 'date': 'Tue, 20 Feb 2024 09:56:12 GMT'})
selenium.webdriver.remote.remote_connection - DEBUG - Finished Request
selenium.webdriver.remote.remote_connection - DEBUG - POST http://localhost:52167/session/026e98c5-5da3-4452-9fb7-4be5f884acb1/url {'url': 'https://www.accuweather.com/en/settings'}
urllib3.connectionpool - DEBUG - http://localhost:52167 "POST /session/026e98c5-5da3-4452-9fb7-4be5f884acb1/url HTTP/1.1" 200 0
selenium.webdriver.remote.remote_connection - DEBUG - Remote response: status=200 | data={"value":null} | headers=HTTPHeaderDict({'content-type': 'application/json; charset=utf-8', 'cache-control': 'no-cache', 'content-length': '14', 'date': 'Tue, 20 Feb 2024 09:56:12 GMT'})
selenium.webdriver.remote.remote_connection - DEBUG - Finished Request
selenium.webdriver.remote.remote_connection - DEBUG - POST http://localhost:52167/session/026e98c5-5da3-4452-9fb7-4be5f884acb1/element {'using': 'css selector', 'value': '[id="unit"]'}
urllib3.connectionpool - DEBUG - http://localhost:52167 "POST /session/026e98c5-5da3-4452-9fb7-4be5f884acb1/element HTTP/1.1" 200 0
selenium.webdriver.remote.remote_connection - DEBUG - Remote response: status=200 | data={"value":{"element-6066-11e4-a52e-4f735466cecf":"c627ecbd-443e-4b90-a468-d15a5f33b207"}} | headers=HTTPHeaderDict({'content-type': 'application/json; charset=utf-8', 'cache-control': 'no-cache', 'content-length': '88', 'date': 'Tue, 20 Feb 2024 09:56:12 GMT'})
selenium.webdriver.remote.remote_connection - DEBUG - Finished Request
selenium.webdriver.remote.remote_connection - DEBUG - POST http://localhost:52167/session/026e98c5-5da3-4452-9fb7-4be5f884acb1/element {'using': 'css selector', 'value': '[id="unit"]'}
urllib3.connectionpool - DEBUG - http://localhost:52167 "POST /session/026e98c5-5da3-4452-9fb7-4be5f884acb1/element HTTP/1.1" 200 0
selenium.webdriver.remote.remote_connection - DEBUG - Remote response: status=200 | data={"value":{"element-6066-11e4-a52e-4f735466cecf":"c627ecbd-443e-4b90-a468-d15a5f33b207"}} | headers=HTTPHeaderDict({'content-type': 'application/json; charset=utf-8', 'cache-control': 'no-cache', 'content-length': '88', 'date': 'Tue, 20 Feb 2024 09:56:12 GMT'})
selenium.webdriver.remote.remote_connection - DEBUG - Finished Request
selenium.webdriver.remote.remote_connection - DEBUG - POST http://localhost:52167/session/026e98c5-5da3-4452-9fb7-4be5f884acb1/execute/sync {'script': '/* isDisplayed */return (function(){return (function(){var k=this||self;function aa(a){return"string...', 'args': [{'element-6066-11e4-a52e-4f735466cecf': 'c627ecbd-443e-4b90-a468-d15a5f33b207'}]}
urllib3.connectionpool - DEBUG - http://localhost:52167 "POST /session/026e98c5-5da3-4452-9fb7-4be5f884acb1/execute/sync HTTP/1.1" 200 0
selenium.webdriver.remote.remote_connection - DEBUG - Remote response: status=200 | data={"value":true} | headers=HTTPHeaderDict({'content-type': 'application/json; charset=utf-8', 'cache-control': 'no-cache', 'content-length': '14', 'date': 'Tue, 20 Feb 2024 09:56:12 GMT'})
selenium.webdriver.remote.remote_connection - DEBUG - Finished Request
selenium.webdriver.remote.remote_connection - DEBUG - POST http://localhost:52167/session/026e98c5-5da3-4452-9fb7-4be5f884acb1/element {'using': 'css selector', 'value': '[id="unit"]'}
urllib3.connectionpool - DEBUG - http://localhost:52167 "POST /session/026e98c5-5da3-4452-9fb7-4be5f884acb1/element HTTP/1.1" 200 0
selenium.webdriver.remote.remote_connection - DEBUG - Remote response: status=200 | data={"value":{"element-6066-11e4-a52e-4f735466cecf":"c627ecbd-443e-4b90-a468-d15a5f33b207"}} | headers=HTTPHeaderDict({'content-type': 'application/json; charset=utf-8', 'cache-control': 'no-cache', 'content-length': '88', 'date': 'Tue, 20 Feb 2024 09:56:12 GMT'})
selenium.webdriver.remote.remote_connection - DEBUG - Finished Request
selenium.webdriver.remote.remote_connection - DEBUG - GET http://localhost:52167/session/026e98c5-5da3-4452-9fb7-4be5f884acb1/element/c627ecbd-443e-4b90-a468-d15a5f33b207/name {}
urllib3.connectionpool - DEBUG - http://localhost:52167 "GET /session/026e98c5-5da3-4452-9fb7-4be5f884acb1/element/c627ecbd-443e-4b90-a468-d15a5f33b207/name HTTP/1.1" 200 0
selenium.webdriver.remote.remote_connection - DEBUG - Remote response: status=200 | data={"value":"select"} | headers=HTTPHeaderDict({'content-type': 'application/json; charset=utf-8', 'cache-control': 'no-cache', 'content-length': '18', 'date': 'Tue, 20 Feb 2024 09:56:12 GMT'})
selenium.webdriver.remote.remote_connection - DEBUG - Finished Request
selenium.webdriver.remote.remote_connection - DEBUG - GET http://localhost:52167/session/026e98c5-5da3-4452-9fb7-4be5f884acb1/element/c627ecbd-443e-4b90-a468-d15a5f33b207/attribute/multiple {}
urllib3.connectionpool - DEBUG - http://localhost:52167 "GET /session/026e98c5-5da3-4452-9fb7-4be5f884acb1/element/c627ecbd-443e-4b90-a468-d15a5f33b207/attribute/multiple HTTP/1.1" 200 0
selenium.webdriver.remote.remote_connection - DEBUG - Remote response: status=200 | data={"value":null} | headers=HTTPHeaderDict({'content-type': 'application/json; charset=utf-8', 'cache-control': 'no-cache', 'content-length': '14', 'date': 'Tue, 20 Feb 2024 09:56:12 GMT'})
selenium.webdriver.remote.remote_connection - DEBUG - Finished Request
selenium.webdriver.remote.remote_connection - DEBUG - POST http://localhost:52167/session/026e98c5-5da3-4452-9fb7-4be5f884acb1/element/c627ecbd-443e-4b90-a468-d15a5f33b207/elements {'using': 'css selector', 'value': 'option[value ="F"]'}
urllib3.connectionpool - DEBUG - http://localhost:52167 "POST /session/026e98c5-5da3-4452-9fb7-4be5f884acb1/element/c627ecbd-443e-4b90-a468-d15a5f33b207/elements HTTP/1.1" 200 0
selenium.webdriver.remote.remote_connection - DEBUG - Remote response: status=200 | data={"value":[{"element-6066-11e4-a52e-4f735466cecf":"e97b6713-ccf6-41d4-8c95-61a00b96aba8"}]} | headers=HTTPHeaderDict({'content-type': 'application/json; charset=utf-8', 'cache-control': 'no-cache', 'content-length': '90', 'date': 'Tue, 20 Feb 2024 09:56:12 GMT'})
selenium.webdriver.remote.remote_connection - DEBUG - Finished Request
selenium.webdriver.remote.remote_connection - DEBUG - GET http://localhost:52167/session/026e98c5-5da3-4452-9fb7-4be5f884acb1/element/e97b6713-ccf6-41d4-8c95-61a00b96aba8/selected {}
urllib3.connectionpool - DEBUG - http://localhost:52167 "GET /session/026e98c5-5da3-4452-9fb7-4be5f884acb1/element/e97b6713-ccf6-41d4-8c95-61a00b96aba8/selected HTTP/1.1" 200 0
selenium.webdriver.remote.remote_connection - DEBUG - Remote response: status=200 | data={"value":false} | headers=HTTPHeaderDict({'content-type': 'application/json; charset=utf-8', 'cache-control': 'no-cache', 'content-length': '15', 'date': 'Tue, 20 Feb 2024 09:56:12 GMT'})
selenium.webdriver.remote.remote_connection - DEBUG - Finished Request
selenium.webdriver.remote.remote_connection - DEBUG - GET http://localhost:52167/session/026e98c5-5da3-4452-9fb7-4be5f884acb1/element/e97b6713-ccf6-41d4-8c95-61a00b96aba8/enabled {}
urllib3.connectionpool - DEBUG - http://localhost:52167 "GET /session/026e98c5-5da3-4452-9fb7-4be5f884acb1/element/e97b6713-ccf6-41d4-8c95-61a00b96aba8/enabled HTTP/1.1" 200 0
selenium.webdriver.remote.remote_connection - DEBUG - Remote response: status=200 | data={"value":true} | headers=HTTPHeaderDict({'content-type': 'application/json; charset=utf-8', 'cache-control': 'no-cache', 'content-length': '14', 'date': 'Tue, 20 Feb 2024 09:56:12 GMT'})
selenium.webdriver.remote.remote_connection - DEBUG - Finished Request
selenium.webdriver.remote.remote_connection - DEBUG - POST http://localhost:52167/session/026e98c5-5da3-4452-9fb7-4be5f884acb1/element/e97b6713-ccf6-41d4-8c95-61a00b96aba8/click {}
urllib3.connectionpool - DEBUG - http://localhost:52167 "POST /session/026e98c5-5da3-4452-9fb7-4be5f884acb1/element/e97b6713-ccf6-41d4-8c95-61a00b96aba8/click HTTP/1.1" 200 0
selenium.webdriver.remote.remote_connection - DEBUG - Remote response: status=200 | data={"value":null} | headers=HTTPHeaderDict({'content-type': 'application/json; charset=utf-8', 'cache-control': 'no-cache', 'content-length': '14', 'date': 'Tue, 20 Feb 2024 09:56:12 GMT'})
selenium.webdriver.remote.remote_connection - DEBUG - Finished Request
selenium.webdriver.remote.remote_connection - DEBUG - POST http://localhost:52167/session/026e98c5-5da3-4452-9fb7-4be5f884acb1/url {'url': 'https://www.accuweather.com/en/vn/hoan-kiem/425226/afternoon-weather-forecast/425226?day=2'}
urllib3.connectionpool - DEBUG - http://localhost:52167 "POST /session/026e98c5-5da3-4452-9fb7-4be5f884acb1/url HTTP/1.1" 200 0
selenium.webdriver.remote.remote_connection - DEBUG - Remote response: status=200 | data={"value":null} | headers=HTTPHeaderDict({'content-type': 'application/json; charset=utf-8', 'cache-control': 'no-cache', 'content-length': '14', 'date': 'Tue, 20 Feb 2024 09:56:13 GMT'})
selenium.webdriver.remote.remote_connection - DEBUG - Finished Request
selenium.webdriver.remote.remote_connection - DEBUG - POST http://localhost:52167/session/026e98c5-5da3-4452-9fb7-4be5f884acb1/element {'using': 'xpath', 'value': '//p[contains(text(), "Humidity")]/span[@class="value"]'}
urllib3.connectionpool - DEBUG - http://localhost:52167 "POST /session/026e98c5-5da3-4452-9fb7-4be5f884acb1/element HTTP/1.1" 200 0
selenium.webdriver.remote.remote_connection - DEBUG - Remote response: status=200 | data={"value":{"element-6066-11e4-a52e-4f735466cecf":"d150678e-b6f0-44d9-86ab-d5918dc62fb0"}} | headers=HTTPHeaderDict({'content-type': 'application/json; charset=utf-8', 'cache-control': 'no-cache', 'content-length': '88', 'date': 'Tue, 20 Feb 2024 09:56:14 GMT'})
selenium.webdriver.remote.remote_connection - DEBUG - Finished Request
selenium.webdriver.remote.remote_connection - DEBUG - POST http://localhost:52167/session/026e98c5-5da3-4452-9fb7-4be5f884acb1/element {'using': 'xpath', 'value': '//p[contains(text(), "Humidity")]/span[@class="value"]'}
urllib3.connectionpool - DEBUG - http://localhost:52167 "POST /session/026e98c5-5da3-4452-9fb7-4be5f884acb1/element HTTP/1.1" 200 0
selenium.webdriver.remote.remote_connection - DEBUG - Remote response: status=200 | data={"value":{"element-6066-11e4-a52e-4f735466cecf":"d150678e-b6f0-44d9-86ab-d5918dc62fb0"}} | headers=HTTPHeaderDict({'content-type': 'application/json; charset=utf-8', 'cache-control': 'no-cache', 'content-length': '88', 'date': 'Tue, 20 Feb 2024 09:56:14 GMT'})
selenium.webdriver.remote.remote_connection - DEBUG - Finished Request
selenium.webdriver.remote.remote_connection - DEBUG - POST http://localhost:52167/session/026e98c5-5da3-4452-9fb7-4be5f884acb1/execute/sync {'script': '/* isDisplayed */return (function(){return (function(){var k=this||self;function aa(a){return"string...', 'args': [{'element-6066-11e4-a52e-4f735466cecf': 'd150678e-b6f0-44d9-86ab-d5918dc62fb0'}]}
urllib3.connectionpool - DEBUG - http://localhost:52167 "POST /session/026e98c5-5da3-4452-9fb7-4be5f884acb1/execute/sync HTTP/1.1" 200 0
selenium.webdriver.remote.remote_connection - DEBUG - Remote response: status=200 | data={"value":true} | headers=HTTPHeaderDict({'content-type': 'application/json; charset=utf-8', 'cache-control': 'no-cache', 'content-length': '14', 'date': 'Tue, 20 Feb 2024 09:56:14 GMT'})
selenium.webdriver.remote.remote_connection - DEBUG - Finished Request
selenium.webdriver.remote.remote_connection - DEBUG - POST http://localhost:52167/session/026e98c5-5da3-4452-9fb7-4be5f884acb1/element {'using': 'xpath', 'value': '//p[contains(text(), "Humidity")]/span[@class="value"]'}
urllib3.connectionpool - DEBUG - http://localhost:52167 "POST /session/026e98c5-5da3-4452-9fb7-4be5f884acb1/element HTTP/1.1" 200 0
selenium.webdriver.remote.remote_connection - DEBUG - Remote response: status=200 | data={"value":{"element-6066-11e4-a52e-4f735466cecf":"d150678e-b6f0-44d9-86ab-d5918dc62fb0"}} | headers=HTTPHeaderDict({'content-type': 'application/json; charset=utf-8', 'cache-control': 'no-cache', 'content-length': '88', 'date': 'Tue, 20 Feb 2024 09:56:14 GMT'})
selenium.webdriver.remote.remote_connection - DEBUG - Finished Request
selenium.webdriver.remote.remote_connection - DEBUG - GET http://localhost:52167/session/026e98c5-5da3-4452-9fb7-4be5f884acb1/element/d150678e-b6f0-44d9-86ab-d5918dc62fb0/text {}
urllib3.connectionpool - DEBUG - http://localhost:52167 "GET /session/026e98c5-5da3-4452-9fb7-4be5f884acb1/element/d150678e-b6f0-44d9-86ab-d5918dc62fb0/text HTTP/1.1" 200 0
selenium.webdriver.remote.remote_connection - DEBUG - Remote response: status=200 | data={"value":"58%"} | headers=HTTPHeaderDict({'content-type': 'application/json; charset=utf-8', 'cache-control': 'no-cache', 'content-length': '15', 'date': 'Tue, 20 Feb 2024 09:56:14 GMT'})
selenium.webdriver.remote.remote_connection - DEBUG - Finished Request
selenium.webdriver.remote.remote_connection - DEBUG - POST http://localhost:52167/session/026e98c5-5da3-4452-9fb7-4be5f884acb1/element {'using': 'xpath', 'value': '//span[@class="header-temp"]//span[@class="unit"]'}
urllib3.connectionpool - DEBUG - http://localhost:52167 "POST /session/026e98c5-5da3-4452-9fb7-4be5f884acb1/element HTTP/1.1" 200 0
selenium.webdriver.remote.remote_connection - DEBUG - Remote response: status=200 | data={"value":{"element-6066-11e4-a52e-4f735466cecf":"7e469752-064b-4122-8503-4e2a7e2277fb"}} | headers=HTTPHeaderDict({'content-type': 'application/json; charset=utf-8', 'cache-control': 'no-cache', 'content-length': '88', 'date': 'Tue, 20 Feb 2024 09:56:14 GMT'})
selenium.webdriver.remote.remote_connection - DEBUG - Finished Request
selenium.webdriver.remote.remote_connection - DEBUG - POST http://localhost:52167/session/026e98c5-5da3-4452-9fb7-4be5f884acb1/element {'using': 'xpath', 'value': '//span[@class="header-temp"]//span[@class="unit"]'}
urllib3.connectionpool - DEBUG - http://localhost:52167 "POST /session/026e98c5-5da3-4452-9fb7-4be5f884acb1/element HTTP/1.1" 200 0
selenium.webdriver.remote.remote_connection - DEBUG - Remote response: status=200 | data={"value":{"element-6066-11e4-a52e-4f735466cecf":"7e469752-064b-4122-8503-4e2a7e2277fb"}} | headers=HTTPHeaderDict({'content-type': 'application/json; charset=utf-8', 'cache-control': 'no-cache', 'content-length': '88', 'date': 'Tue, 20 Feb 2024 09:56:14 GMT'})
selenium.webdriver.remote.remote_connection - DEBUG - Finished Request
selenium.webdriver.remote.remote_connection - DEBUG - POST http://localhost:52167/session/026e98c5-5da3-4452-9fb7-4be5f884acb1/execute/sync {'script': '/* isDisplayed */return (function(){return (function(){var k=this||self;function aa(a){return"string...', 'args': [{'element-6066-11e4-a52e-4f735466cecf': '7e469752-064b-4122-8503-4e2a7e2277fb'}]}
urllib3.connectionpool - DEBUG - http://localhost:52167 "POST /session/026e98c5-5da3-4452-9fb7-4be5f884acb1/execute/sync HTTP/1.1" 200 0
selenium.webdriver.remote.remote_connection - DEBUG - Remote response: status=200 | data={"value":true} | headers=HTTPHeaderDict({'content-type': 'application/json; charset=utf-8', 'cache-control': 'no-cache', 'content-length': '14', 'date': 'Tue, 20 Feb 2024 09:56:14 GMT'})
selenium.webdriver.remote.remote_connection - DEBUG - Finished Request
selenium.webdriver.remote.remote_connection - DEBUG - POST http://localhost:52167/session/026e98c5-5da3-4452-9fb7-4be5f884acb1/element {'using': 'xpath', 'value': '//span[@class="header-temp"]//span[@class="unit"]'}
urllib3.connectionpool - DEBUG - http://localhost:52167 "POST /session/026e98c5-5da3-4452-9fb7-4be5f884acb1/element HTTP/1.1" 200 0
selenium.webdriver.remote.remote_connection - DEBUG - Remote response: status=200 | data={"value":{"element-6066-11e4-a52e-4f735466cecf":"7e469752-064b-4122-8503-4e2a7e2277fb"}} | headers=HTTPHeaderDict({'content-type': 'application/json; charset=utf-8', 'cache-control': 'no-cache', 'content-length': '88', 'date': 'Tue, 20 Feb 2024 09:56:14 GMT'})
selenium.webdriver.remote.remote_connection - DEBUG - Finished Request
selenium.webdriver.remote.remote_connection - DEBUG - GET http://localhost:52167/session/026e98c5-5da3-4452-9fb7-4be5f884acb1/element/7e469752-064b-4122-8503-4e2a7e2277fb/text {}
urllib3.connectionpool - DEBUG - http://localhost:52167 "GET /session/026e98c5-5da3-4452-9fb7-4be5f884acb1/element/7e469752-064b-4122-8503-4e2a7e2277fb/text HTTP/1.1" 200 0
selenium.webdriver.remote.remote_connection - DEBUG - Remote response: status=200 | data={"value":"F"} | headers=HTTPHeaderDict({'content-type': 'application/json; charset=utf-8', 'cache-control': 'no-cache', 'content-length': '13', 'date': 'Tue, 20 Feb 2024 09:56:14 GMT'})
selenium.webdriver.remote.remote_connection - DEBUG - Finished Request
selenium.webdriver.remote.remote_connection - DEBUG - POST http://localhost:52167/session/026e98c5-5da3-4452-9fb7-4be5f884acb1/element {'using': 'xpath', 'value': '//div[@class="weather"]//div[@class="temperature"]'}
urllib3.connectionpool - DEBUG - http://localhost:52167 "POST /session/026e98c5-5da3-4452-9fb7-4be5f884acb1/element HTTP/1.1" 200 0
selenium.webdriver.remote.remote_connection - DEBUG - Remote response: status=200 | data={"value":{"element-6066-11e4-a52e-4f735466cecf":"b667f96a-8fb5-473c-b830-99937ed568cd"}} | headers=HTTPHeaderDict({'content-type': 'application/json; charset=utf-8', 'cache-control': 'no-cache', 'content-length': '88', 'date': 'Tue, 20 Feb 2024 09:56:14 GMT'})
selenium.webdriver.remote.remote_connection - DEBUG - Finished Request
selenium.webdriver.remote.remote_connection - DEBUG - POST http://localhost:52167/session/026e98c5-5da3-4452-9fb7-4be5f884acb1/element {'using': 'xpath', 'value': '//div[@class="weather"]//div[@class="temperature"]'}
urllib3.connectionpool - DEBUG - http://localhost:52167 "POST /session/026e98c5-5da3-4452-9fb7-4be5f884acb1/element HTTP/1.1" 200 0
selenium.webdriver.remote.remote_connection - DEBUG - Remote response: status=200 | data={"value":{"element-6066-11e4-a52e-4f735466cecf":"b667f96a-8fb5-473c-b830-99937ed568cd"}} | headers=HTTPHeaderDict({'content-type': 'application/json; charset=utf-8', 'cache-control': 'no-cache', 'content-length': '88', 'date': 'Tue, 20 Feb 2024 09:56:14 GMT'})
selenium.webdriver.remote.remote_connection - DEBUG - Finished Request
selenium.webdriver.remote.remote_connection - DEBUG - POST http://localhost:52167/session/026e98c5-5da3-4452-9fb7-4be5f884acb1/execute/sync {'script': '/* isDisplayed */return (function(){return (function(){var k=this||self;function aa(a){return"string...', 'args': [{'element-6066-11e4-a52e-4f735466cecf': 'b667f96a-8fb5-473c-b830-99937ed568cd'}]}
urllib3.connectionpool - DEBUG - http://localhost:52167 "POST /session/026e98c5-5da3-4452-9fb7-4be5f884acb1/execute/sync HTTP/1.1" 200 0
selenium.webdriver.remote.remote_connection - DEBUG - Remote response: status=200 | data={"value":true} | headers=HTTPHeaderDict({'content-type': 'application/json; charset=utf-8', 'cache-control': 'no-cache', 'content-length': '14', 'date': 'Tue, 20 Feb 2024 09:56:14 GMT'})
selenium.webdriver.remote.remote_connection - DEBUG - Finished Request
selenium.webdriver.remote.remote_connection - DEBUG - POST http://localhost:52167/session/026e98c5-5da3-4452-9fb7-4be5f884acb1/element {'using': 'xpath', 'value': '//div[@class="weather"]//div[@class="temperature"]'}
urllib3.connectionpool - DEBUG - http://localhost:52167 "POST /session/026e98c5-5da3-4452-9fb7-4be5f884acb1/element HTTP/1.1" 200 0
selenium.webdriver.remote.remote_connection - DEBUG - Remote response: status=200 | data={"value":{"element-6066-11e4-a52e-4f735466cecf":"b667f96a-8fb5-473c-b830-99937ed568cd"}} | headers=HTTPHeaderDict({'content-type': 'application/json; charset=utf-8', 'cache-control': 'no-cache', 'content-length': '88', 'date': 'Tue, 20 Feb 2024 09:56:14 GMT'})
selenium.webdriver.remote.remote_connection - DEBUG - Finished Request
selenium.webdriver.remote.remote_connection - DEBUG - GET http://localhost:52167/session/026e98c5-5da3-4452-9fb7-4be5f884acb1/element/b667f96a-8fb5-473c-b830-99937ed568cd/text {}
urllib3.connectionpool - DEBUG - http://localhost:52167 "GET /session/026e98c5-5da3-4452-9fb7-4be5f884acb1/element/b667f96a-8fb5-473c-b830-99937ed568cd/text HTTP/1.1" 200 0
selenium.webdriver.remote.remote_connection - DEBUG - Remote response: status=200 | data={"value":"91°"} | headers=HTTPHeaderDict({'content-type': 'application/json; charset=utf-8', 'cache-control': 'no-cache', 'content-length': '16', 'date': 'Tue, 20 Feb 2024 09:56:14 GMT'})
selenium.webdriver.remote.remote_connection - DEBUG - Finished Request
selenium.webdriver.remote.remote_connection - DEBUG - DELETE http://localhost:52167/session/026e98c5-5da3-4452-9fb7-4be5f884acb1 {}
urllib3.connectionpool - DEBUG - http://localhost:52167 "DELETE /session/026e98c5-5da3-4452-9fb7-4be5f884acb1 HTTP/1.1" 200 0
selenium.webdriver.remote.remote_connection - DEBUG - Remote response: status=200 | data={"value":null} | headers=HTTPHeaderDict({'content-type': 'application/json; charset=utf-8', 'cache-control': 'no-cache', 'content-length': '14', 'date': 'Tue, 20 Feb 2024 09:56:14 GMT'})
selenium.webdriver.remote.remote_connection - DEBUG - Finished Request
