selenium.webdriver.common.selenium_manager - DEBUG - Selenium Manager binary found at: C:\Users\doanh\AppData\Local\Programs\Python\Python312\Lib\site-packages\selenium\webdriver\common\windows\selenium-manager.exe
selenium.webdriver.common.selenium_manager - DEBUG - Executing process: C:\Users\doanh\AppData\Local\Programs\Python\Python312\Lib\site-packages\selenium\webdriver\common\windows\selenium-manager.exe --browser firefox --debug --language-binding python --output json
selenium.webdriver.common.selenium_manager - DEBUG - geckodriver not found in PATH
selenium.webdriver.common.selenium_manager - DEBUG - firefox detected at C:\Program Files\Mozilla Firefox\firefox.exe
selenium.webdriver.common.selenium_manager - DEBUG - Running command: wmic datafile where name='C:\\Program Files\\Mozilla Firefox\\firefox.exe' get Version /value
selenium.webdriver.common.selenium_manager - DEBUG - Output: "\r\r\n\r\r\nVersion=122.0.1.8801\r\r\n\r\r\n\r\r\n\r"
selenium.webdriver.common.selenium_manager - DEBUG - Detected browser: firefox 122.0.1.8801
selenium.webdriver.common.selenium_manager - DEBUG - Required driver: geckodriver 0.34.0
selenium.webdriver.common.selenium_manager - DEBUG - geckodriver 0.34.0 already in the cache
selenium.webdriver.common.selenium_manager - DEBUG - Driver path: C:\Users\doanh\.cache\selenium\geckodriver\win64\0.34.0\geckodriver.exe
selenium.webdriver.common.selenium_manager - DEBUG - Browser path: C:\Program Files\Mozilla Firefox\firefox.exe
selenium.webdriver.common.selenium_manager - DEBUG - Using driver at: C:\Users\doanh\.cache\selenium\geckodriver\win64\0.34.0\geckodriver.exe
selenium.webdriver.common.service - DEBUG - Started executable: `C:\Users\doanh\.cache\selenium\geckodriver\win64\0.34.0\geckodriver.exe` in a child process with pid: 90216 using 0 to output -3
selenium.webdriver.remote.remote_connection - DEBUG - POST http://localhost:52151/session {'capabilities': {'firstMatch': [{}], 'alwaysMatch': {'browserName': 'firefox', 'acceptInsecureCerts': True, 'moz:debuggerAddress': True, 'pageLoadStrategy': <PageLoadStrategy.normal: 'normal'>, 'browserVersion': None, 'moz:firefoxOptions': {'binary': 'C:\\Program Files\\Mozilla Firefox\\firefox.exe'}}}}
urllib3.connectionpool - DEBUG - Starting new HTTP connection (1): localhost:52151
urllib3.connectionpool - DEBUG - http://localhost:52151 "POST /session HTTP/1.1" 200 0
selenium.webdriver.remote.remote_connection - DEBUG - Remote response: status=200 | data={"value":{"sessionId":"b451c8d3-3a17-4520-80e2-6dc202f6af96","capabilities":{"acceptInsecureCerts":true,"browserName":"firefox","browserVersion":"122.0.1","moz:accessibilityChecks":false,"moz:buildID":"20240205133611","moz:debuggerAddress":"127.0.0.1:52152","moz:geckodriverVersion":"0.34.0","moz:headless":false,"moz:platformVersion":"10.0","moz:processID":78764,"moz:profile":"C:\\Users\\doanh\\AppData\\Local\\Temp\\rust_mozprofilehRe902","moz:shutdownTimeout":60000,"moz:webdriverClick":true,"moz:windowless":false,"pageLoadStrategy":"normal","platformName":"windows","proxy":{},"setWindowRect":true,"strictFileInteractability":false,"timeouts":{"implicit":0,"pageLoad":300000,"script":30000},"unhandledPromptBehavior":"dismiss and notify"}}} | headers=HTTPHeaderDict({'content-type': 'application/json; charset=utf-8', 'cache-control': 'no-cache', 'content-length': '746', 'date': 'Tue, 20 Feb 2024 09:55:11 GMT'})
selenium.webdriver.remote.remote_connection - DEBUG - Finished Request
selenium.webdriver.remote.remote_connection - DEBUG - POST http://localhost:52151/session/b451c8d3-3a17-4520-80e2-6dc202f6af96/url {'url': 'https://www.accuweather.com/en/vn/hoan-kiem/425226/morning-weather-forecast/425226?day=1'}
urllib3.connectionpool - DEBUG - http://localhost:52151 "POST /session/b451c8d3-3a17-4520-80e2-6dc202f6af96/url HTTP/1.1" 200 0
selenium.webdriver.remote.remote_connection - DEBUG - Remote response: status=200 | data={"value":null} | headers=HTTPHeaderDict({'content-type': 'application/json; charset=utf-8', 'cache-control': 'no-cache', 'content-length': '14', 'date': 'Tue, 20 Feb 2024 09:55:16 GMT'})
selenium.webdriver.remote.remote_connection - DEBUG - Finished Request
selenium.webdriver.remote.remote_connection - DEBUG - POST http://localhost:52151/session/b451c8d3-3a17-4520-80e2-6dc202f6af96/url {'url': 'https://www.accuweather.com/en/vn/hoan-kiem/425226/morning-weather-forecast/425226?day=1'}
urllib3.connectionpool - DEBUG - http://localhost:52151 "POST /session/b451c8d3-3a17-4520-80e2-6dc202f6af96/url HTTP/1.1" 200 0
selenium.webdriver.remote.remote_connection - DEBUG - Remote response: status=200 | data={"value":null} | headers=HTTPHeaderDict({'content-type': 'application/json; charset=utf-8', 'cache-control': 'no-cache', 'content-length': '14', 'date': 'Tue, 20 Feb 2024 09:55:38 GMT'})
selenium.webdriver.remote.remote_connection - DEBUG - Finished Request
selenium.webdriver.remote.remote_connection - DEBUG - POST http://localhost:52151/session/b451c8d3-3a17-4520-80e2-6dc202f6af96/url {'url': 'https://www.accuweather.com/en/vn/hoan-kiem/425226/morning-weather-forecast/425226?day=1'}
urllib3.connectionpool - DEBUG - http://localhost:52151 "POST /session/b451c8d3-3a17-4520-80e2-6dc202f6af96/url HTTP/1.1" 200 0
selenium.webdriver.remote.remote_connection - DEBUG - Remote response: status=200 | data={"value":null} | headers=HTTPHeaderDict({'content-type': 'application/json; charset=utf-8', 'cache-control': 'no-cache', 'content-length': '14', 'date': 'Tue, 20 Feb 2024 09:56:00 GMT'})
selenium.webdriver.remote.remote_connection - DEBUG - Finished Request
selenium.webdriver.remote.remote_connection - DEBUG - POST http://localhost:52151/session/b451c8d3-3a17-4520-80e2-6dc202f6af96/actions {'actions': [{'type': 'pointer', 'parameters': {'pointerType': 'mouse'}, 'id': 'mouse', 'actions': [{'type': 'pointerMove', 'duration': 250, 'x': 50, 'y': 50, 'origin': 'pointer'}, {'type': 'pause', 'duration': 2000}, {'type': 'pointerDown', 'duration': 0, 'button': 0}, {'type': 'pointerUp', 'duration': 0, 'button': 0}]}, {'type': 'key', 'id': 'key', 'actions': [{'type': 'pause', 'duration': 0}, {'type': 'pause', 'duration': 2000}, {'type': 'pause', 'duration': 0}, {'type': 'pause', 'duration': 0}]}]}
urllib3.connectionpool - DEBUG - http://localhost:52151 "POST /session/b451c8d3-3a17-4520-80e2-6dc202f6af96/actions HTTP/1.1" 200 0
selenium.webdriver.remote.remote_connection - DEBUG - Remote response: status=200 | data={"value":null} | headers=HTTPHeaderDict({'content-type': 'application/json; charset=utf-8', 'cache-control': 'no-cache', 'content-length': '14', 'date': 'Tue, 20 Feb 2024 09:56:02 GMT'})
selenium.webdriver.remote.remote_connection - DEBUG - Finished Request
selenium.webdriver.remote.remote_connection - DEBUG - POST http://localhost:52151/session/b451c8d3-3a17-4520-80e2-6dc202f6af96/element {'using': 'xpath', 'value': '//p[contains(text(), "Humidity")]/span[@class="value"]'}
urllib3.connectionpool - DEBUG - http://localhost:52151 "POST /session/b451c8d3-3a17-4520-80e2-6dc202f6af96/element HTTP/1.1" 200 0
selenium.webdriver.remote.remote_connection - DEBUG - Remote response: status=200 | data={"value":{"element-6066-11e4-a52e-4f735466cecf":"5082fdc5-f649-4ba1-abb3-2270ad2813e0"}} | headers=HTTPHeaderDict({'content-type': 'application/json; charset=utf-8', 'cache-control': 'no-cache', 'content-length': '88', 'date': 'Tue, 20 Feb 2024 09:56:09 GMT'})
selenium.webdriver.remote.remote_connection - DEBUG - Finished Request
selenium.webdriver.remote.remote_connection - DEBUG - POST http://localhost:52151/session/b451c8d3-3a17-4520-80e2-6dc202f6af96/element {'using': 'xpath', 'value': '//p[contains(text(), "Humidity")]/span[@class="value"]'}
urllib3.connectionpool - DEBUG - http://localhost:52151 "POST /session/b451c8d3-3a17-4520-80e2-6dc202f6af96/element HTTP/1.1" 200 0
selenium.webdriver.remote.remote_connection - DEBUG - Remote response: status=200 | data={"value":{"element-6066-11e4-a52e-4f735466cecf":"5082fdc5-f649-4ba1-abb3-2270ad2813e0"}} | headers=HTTPHeaderDict({'content-type': 'application/json; charset=utf-8', 'cache-control': 'no-cache', 'content-length': '88', 'date': 'Tue, 20 Feb 2024 09:56:09 GMT'})
selenium.webdriver.remote.remote_connection - DEBUG - Finished Request
selenium.webdriver.remote.remote_connection - DEBUG - POST http://localhost:52151/session/b451c8d3-3a17-4520-80e2-6dc202f6af96/execute/sync {'script': '/* isDisplayed */return (function(){return (function(){var k=this||self;function aa(a){return"string...', 'args': [{'element-6066-11e4-a52e-4f735466cecf': '5082fdc5-f649-4ba1-abb3-2270ad2813e0'}]}
urllib3.connectionpool - DEBUG - http://localhost:52151 "POST /session/b451c8d3-3a17-4520-80e2-6dc202f6af96/execute/sync HTTP/1.1" 200 0
selenium.webdriver.remote.remote_connection - DEBUG - Remote response: status=200 | data={"value":true} | headers=HTTPHeaderDict({'content-type': 'application/json; charset=utf-8', 'cache-control': 'no-cache', 'content-length': '14', 'date': 'Tue, 20 Feb 2024 09:56:09 GMT'})
selenium.webdriver.remote.remote_connection - DEBUG - Finished Request
selenium.webdriver.remote.remote_connection - DEBUG - POST http://localhost:52151/session/b451c8d3-3a17-4520-80e2-6dc202f6af96/element {'using': 'xpath', 'value': '//p[contains(text(), "Humidity")]/span[@class="value"]'}
urllib3.connectionpool - DEBUG - http://localhost:52151 "POST /session/b451c8d3-3a17-4520-80e2-6dc202f6af96/element HTTP/1.1" 200 0
selenium.webdriver.remote.remote_connection - DEBUG - Remote response: status=200 | data={"value":{"element-6066-11e4-a52e-4f735466cecf":"5082fdc5-f649-4ba1-abb3-2270ad2813e0"}} | headers=HTTPHeaderDict({'content-type': 'application/json; charset=utf-8', 'cache-control': 'no-cache', 'content-length': '88', 'date': 'Tue, 20 Feb 2024 09:56:09 GMT'})
selenium.webdriver.remote.remote_connection - DEBUG - Finished Request
selenium.webdriver.remote.remote_connection - DEBUG - GET http://localhost:52151/session/b451c8d3-3a17-4520-80e2-6dc202f6af96/element/5082fdc5-f649-4ba1-abb3-2270ad2813e0/text {}
urllib3.connectionpool - DEBUG - http://localhost:52151 "GET /session/b451c8d3-3a17-4520-80e2-6dc202f6af96/element/5082fdc5-f649-4ba1-abb3-2270ad2813e0/text HTTP/1.1" 200 0
selenium.webdriver.remote.remote_connection - DEBUG - Remote response: status=200 | data={"value":"76%"} | headers=HTTPHeaderDict({'content-type': 'application/json; charset=utf-8', 'cache-control': 'no-cache', 'content-length': '15', 'date': 'Tue, 20 Feb 2024 09:56:09 GMT'})
selenium.webdriver.remote.remote_connection - DEBUG - Finished Request
selenium.webdriver.remote.remote_connection - DEBUG - POST http://localhost:52151/session/b451c8d3-3a17-4520-80e2-6dc202f6af96/element {'using': 'xpath', 'value': '//span[@class="header-temp"]//span[@class="unit"]'}
urllib3.connectionpool - DEBUG - http://localhost:52151 "POST /session/b451c8d3-3a17-4520-80e2-6dc202f6af96/element HTTP/1.1" 200 0
selenium.webdriver.remote.remote_connection - DEBUG - Remote response: status=200 | data={"value":{"element-6066-11e4-a52e-4f735466cecf":"addb1866-612e-462c-a5a6-bdde1e28de5d"}} | headers=HTTPHeaderDict({'content-type': 'application/json; charset=utf-8', 'cache-control': 'no-cache', 'content-length': '88', 'date': 'Tue, 20 Feb 2024 09:56:09 GMT'})
selenium.webdriver.remote.remote_connection - DEBUG - Finished Request
selenium.webdriver.remote.remote_connection - DEBUG - POST http://localhost:52151/session/b451c8d3-3a17-4520-80e2-6dc202f6af96/element {'using': 'xpath', 'value': '//span[@class="header-temp"]//span[@class="unit"]'}
urllib3.connectionpool - DEBUG - http://localhost:52151 "POST /session/b451c8d3-3a17-4520-80e2-6dc202f6af96/element HTTP/1.1" 200 0
selenium.webdriver.remote.remote_connection - DEBUG - Remote response: status=200 | data={"value":{"element-6066-11e4-a52e-4f735466cecf":"addb1866-612e-462c-a5a6-bdde1e28de5d"}} | headers=HTTPHeaderDict({'content-type': 'application/json; charset=utf-8', 'cache-control': 'no-cache', 'content-length': '88', 'date': 'Tue, 20 Feb 2024 09:56:09 GMT'})
selenium.webdriver.remote.remote_connection - DEBUG - Finished Request
selenium.webdriver.remote.remote_connection - DEBUG - POST http://localhost:52151/session/b451c8d3-3a17-4520-80e2-6dc202f6af96/execute/sync {'script': '/* isDisplayed */return (function(){return (function(){var k=this||self;function aa(a){return"string...', 'args': [{'element-6066-11e4-a52e-4f735466cecf': 'addb1866-612e-462c-a5a6-bdde1e28de5d'}]}
urllib3.connectionpool - DEBUG - http://localhost:52151 "POST /session/b451c8d3-3a17-4520-80e2-6dc202f6af96/execute/sync HTTP/1.1" 200 0
selenium.webdriver.remote.remote_connection - DEBUG - Remote response: status=200 | data={"value":true} | headers=HTTPHeaderDict({'content-type': 'application/json; charset=utf-8', 'cache-control': 'no-cache', 'content-length': '14', 'date': 'Tue, 20 Feb 2024 09:56:09 GMT'})
selenium.webdriver.remote.remote_connection - DEBUG - Finished Request
selenium.webdriver.remote.remote_connection - DEBUG - POST http://localhost:52151/session/b451c8d3-3a17-4520-80e2-6dc202f6af96/element {'using': 'xpath', 'value': '//span[@class="header-temp"]//span[@class="unit"]'}
urllib3.connectionpool - DEBUG - http://localhost:52151 "POST /session/b451c8d3-3a17-4520-80e2-6dc202f6af96/element HTTP/1.1" 200 0
selenium.webdriver.remote.remote_connection - DEBUG - Remote response: status=200 | data={"value":{"element-6066-11e4-a52e-4f735466cecf":"addb1866-612e-462c-a5a6-bdde1e28de5d"}} | headers=HTTPHeaderDict({'content-type': 'application/json; charset=utf-8', 'cache-control': 'no-cache', 'content-length': '88', 'date': 'Tue, 20 Feb 2024 09:56:09 GMT'})
selenium.webdriver.remote.remote_connection - DEBUG - Finished Request
selenium.webdriver.remote.remote_connection - DEBUG - GET http://localhost:52151/session/b451c8d3-3a17-4520-80e2-6dc202f6af96/element/addb1866-612e-462c-a5a6-bdde1e28de5d/text {}
urllib3.connectionpool - DEBUG - http://localhost:52151 "GET /session/b451c8d3-3a17-4520-80e2-6dc202f6af96/element/addb1866-612e-462c-a5a6-bdde1e28de5d/text HTTP/1.1" 200 0
selenium.webdriver.remote.remote_connection - DEBUG - Remote response: status=200 | data={"value":"C"} | headers=HTTPHeaderDict({'content-type': 'application/json; charset=utf-8', 'cache-control': 'no-cache', 'content-length': '13', 'date': 'Tue, 20 Feb 2024 09:56:09 GMT'})
selenium.webdriver.remote.remote_connection - DEBUG - Finished Request
selenium.webdriver.remote.remote_connection - DEBUG - POST http://localhost:52151/session/b451c8d3-3a17-4520-80e2-6dc202f6af96/element {'using': 'xpath', 'value': '//div[@class="weather"]//div[@class="temperature"]'}
urllib3.connectionpool - DEBUG - http://localhost:52151 "POST /session/b451c8d3-3a17-4520-80e2-6dc202f6af96/element HTTP/1.1" 200 0
selenium.webdriver.remote.remote_connection - DEBUG - Remote response: status=200 | data={"value":{"element-6066-11e4-a52e-4f735466cecf":"14963f9e-0b38-4731-b740-53014dd31cce"}} | headers=HTTPHeaderDict({'content-type': 'application/json; charset=utf-8', 'cache-control': 'no-cache', 'content-length': '88', 'date': 'Tue, 20 Feb 2024 09:56:09 GMT'})
selenium.webdriver.remote.remote_connection - DEBUG - Finished Request
selenium.webdriver.remote.remote_connection - DEBUG - POST http://localhost:52151/session/b451c8d3-3a17-4520-80e2-6dc202f6af96/element {'using': 'xpath', 'value': '//div[@class="weather"]//div[@class="temperature"]'}
urllib3.connectionpool - DEBUG - http://localhost:52151 "POST /session/b451c8d3-3a17-4520-80e2-6dc202f6af96/element HTTP/1.1" 200 0
selenium.webdriver.remote.remote_connection - DEBUG - Remote response: status=200 | data={"value":{"element-6066-11e4-a52e-4f735466cecf":"14963f9e-0b38-4731-b740-53014dd31cce"}} | headers=HTTPHeaderDict({'content-type': 'application/json; charset=utf-8', 'cache-control': 'no-cache', 'content-length': '88', 'date': 'Tue, 20 Feb 2024 09:56:09 GMT'})
selenium.webdriver.remote.remote_connection - DEBUG - Finished Request
selenium.webdriver.remote.remote_connection - DEBUG - POST http://localhost:52151/session/b451c8d3-3a17-4520-80e2-6dc202f6af96/execute/sync {'script': '/* isDisplayed */return (function(){return (function(){var k=this||self;function aa(a){return"string...', 'args': [{'element-6066-11e4-a52e-4f735466cecf': '14963f9e-0b38-4731-b740-53014dd31cce'}]}
urllib3.connectionpool - DEBUG - http://localhost:52151 "POST /session/b451c8d3-3a17-4520-80e2-6dc202f6af96/execute/sync HTTP/1.1" 200 0
selenium.webdriver.remote.remote_connection - DEBUG - Remote response: status=200 | data={"value":true} | headers=HTTPHeaderDict({'content-type': 'application/json; charset=utf-8', 'cache-control': 'no-cache', 'content-length': '14', 'date': 'Tue, 20 Feb 2024 09:56:09 GMT'})
selenium.webdriver.remote.remote_connection - DEBUG - Finished Request
selenium.webdriver.remote.remote_connection - DEBUG - POST http://localhost:52151/session/b451c8d3-3a17-4520-80e2-6dc202f6af96/element {'using': 'xpath', 'value': '//div[@class="weather"]//div[@class="temperature"]'}
urllib3.connectionpool - DEBUG - http://localhost:52151 "POST /session/b451c8d3-3a17-4520-80e2-6dc202f6af96/element HTTP/1.1" 200 0
selenium.webdriver.remote.remote_connection - DEBUG - Remote response: status=200 | data={"value":{"element-6066-11e4-a52e-4f735466cecf":"14963f9e-0b38-4731-b740-53014dd31cce"}} | headers=HTTPHeaderDict({'content-type': 'application/json; charset=utf-8', 'cache-control': 'no-cache', 'content-length': '88', 'date': 'Tue, 20 Feb 2024 09:56:09 GMT'})
selenium.webdriver.remote.remote_connection - DEBUG - Finished Request
selenium.webdriver.remote.remote_connection - DEBUG - GET http://localhost:52151/session/b451c8d3-3a17-4520-80e2-6dc202f6af96/element/14963f9e-0b38-4731-b740-53014dd31cce/text {}
urllib3.connectionpool - DEBUG - http://localhost:52151 "GET /session/b451c8d3-3a17-4520-80e2-6dc202f6af96/element/14963f9e-0b38-4731-b740-53014dd31cce/text HTTP/1.1" 200 0
selenium.webdriver.remote.remote_connection - DEBUG - Remote response: status=200 | data={"value":"30°"} | headers=HTTPHeaderDict({'content-type': 'application/json; charset=utf-8', 'cache-control': 'no-cache', 'content-length': '16', 'date': 'Tue, 20 Feb 2024 09:56:09 GMT'})
selenium.webdriver.remote.remote_connection - DEBUG - Finished Request
selenium.webdriver.remote.remote_connection - DEBUG - POST http://localhost:52151/session/b451c8d3-3a17-4520-80e2-6dc202f6af96/element {'using': 'xpath', 'value': '//span[@class="header-temp"]//span[@class="unit"]'}
urllib3.connectionpool - DEBUG - http://localhost:52151 "POST /session/b451c8d3-3a17-4520-80e2-6dc202f6af96/element HTTP/1.1" 200 0
selenium.webdriver.remote.remote_connection - DEBUG - Remote response: status=200 | data={"value":{"element-6066-11e4-a52e-4f735466cecf":"addb1866-612e-462c-a5a6-bdde1e28de5d"}} | headers=HTTPHeaderDict({'content-type': 'application/json; charset=utf-8', 'cache-control': 'no-cache', 'content-length': '88', 'date': 'Tue, 20 Feb 2024 09:56:09 GMT'})
selenium.webdriver.remote.remote_connection - DEBUG - Finished Request
selenium.webdriver.remote.remote_connection - DEBUG - POST http://localhost:52151/session/b451c8d3-3a17-4520-80e2-6dc202f6af96/element {'using': 'xpath', 'value': '//span[@class="header-temp"]//span[@class="unit"]'}
urllib3.connectionpool - DEBUG - http://localhost:52151 "POST /session/b451c8d3-3a17-4520-80e2-6dc202f6af96/element HTTP/1.1" 200 0
selenium.webdriver.remote.remote_connection - DEBUG - Remote response: status=200 | data={"value":{"element-6066-11e4-a52e-4f735466cecf":"addb1866-612e-462c-a5a6-bdde1e28de5d"}} | headers=HTTPHeaderDict({'content-type': 'application/json; charset=utf-8', 'cache-control': 'no-cache', 'content-length': '88', 'date': 'Tue, 20 Feb 2024 09:56:09 GMT'})
selenium.webdriver.remote.remote_connection - DEBUG - Finished Request
selenium.webdriver.remote.remote_connection - DEBUG - POST http://localhost:52151/session/b451c8d3-3a17-4520-80e2-6dc202f6af96/execute/sync {'script': '/* isDisplayed */return (function(){return (function(){var k=this||self;function aa(a){return"string...', 'args': [{'element-6066-11e4-a52e-4f735466cecf': 'addb1866-612e-462c-a5a6-bdde1e28de5d'}]}
urllib3.connectionpool - DEBUG - http://localhost:52151 "POST /session/b451c8d3-3a17-4520-80e2-6dc202f6af96/execute/sync HTTP/1.1" 200 0
selenium.webdriver.remote.remote_connection - DEBUG - Remote response: status=200 | data={"value":true} | headers=HTTPHeaderDict({'content-type': 'application/json; charset=utf-8', 'cache-control': 'no-cache', 'content-length': '14', 'date': 'Tue, 20 Feb 2024 09:56:09 GMT'})
selenium.webdriver.remote.remote_connection - DEBUG - Finished Request
selenium.webdriver.remote.remote_connection - DEBUG - POST http://localhost:52151/session/b451c8d3-3a17-4520-80e2-6dc202f6af96/element {'using': 'xpath', 'value': '//span[@class="header-temp"]//span[@class="unit"]'}
urllib3.connectionpool - DEBUG - http://localhost:52151 "POST /session/b451c8d3-3a17-4520-80e2-6dc202f6af96/element HTTP/1.1" 200 0
selenium.webdriver.remote.remote_connection - DEBUG - Remote response: status=200 | data={"value":{"element-6066-11e4-a52e-4f735466cecf":"addb1866-612e-462c-a5a6-bdde1e28de5d"}} | headers=HTTPHeaderDict({'content-type': 'application/json; charset=utf-8', 'cache-control': 'no-cache', 'content-length': '88', 'date': 'Tue, 20 Feb 2024 09:56:09 GMT'})
selenium.webdriver.remote.remote_connection - DEBUG - Finished Request
selenium.webdriver.remote.remote_connection - DEBUG - GET http://localhost:52151/session/b451c8d3-3a17-4520-80e2-6dc202f6af96/element/addb1866-612e-462c-a5a6-bdde1e28de5d/text {}
urllib3.connectionpool - DEBUG - http://localhost:52151 "GET /session/b451c8d3-3a17-4520-80e2-6dc202f6af96/element/addb1866-612e-462c-a5a6-bdde1e28de5d/text HTTP/1.1" 200 0
selenium.webdriver.remote.remote_connection - DEBUG - Remote response: status=200 | data={"value":"C"} | headers=HTTPHeaderDict({'content-type': 'application/json; charset=utf-8', 'cache-control': 'no-cache', 'content-length': '13', 'date': 'Tue, 20 Feb 2024 09:56:09 GMT'})
selenium.webdriver.remote.remote_connection - DEBUG - Finished Request
selenium.webdriver.remote.remote_connection - DEBUG - POST http://localhost:52151/session/b451c8d3-3a17-4520-80e2-6dc202f6af96/url {'url': 'https://www.accuweather.com/en/settings'}
urllib3.connectionpool - DEBUG - http://localhost:52151 "POST /session/b451c8d3-3a17-4520-80e2-6dc202f6af96/url HTTP/1.1" 200 0
selenium.webdriver.remote.remote_connection - DEBUG - Remote response: status=200 | data={"value":null} | headers=HTTPHeaderDict({'content-type': 'application/json; charset=utf-8', 'cache-control': 'no-cache', 'content-length': '14', 'date': 'Tue, 20 Feb 2024 09:56:09 GMT'})
selenium.webdriver.remote.remote_connection - DEBUG - Finished Request
selenium.webdriver.remote.remote_connection - DEBUG - POST http://localhost:52151/session/b451c8d3-3a17-4520-80e2-6dc202f6af96/element {'using': 'css selector', 'value': '[id="unit"]'}
urllib3.connectionpool - DEBUG - http://localhost:52151 "POST /session/b451c8d3-3a17-4520-80e2-6dc202f6af96/element HTTP/1.1" 200 0
selenium.webdriver.remote.remote_connection - DEBUG - Remote response: status=200 | data={"value":{"element-6066-11e4-a52e-4f735466cecf":"57d89504-2cfb-4d32-b218-274e7e6aa86c"}} | headers=HTTPHeaderDict({'content-type': 'application/json; charset=utf-8', 'cache-control': 'no-cache', 'content-length': '88', 'date': 'Tue, 20 Feb 2024 09:56:10 GMT'})
selenium.webdriver.remote.remote_connection - DEBUG - Finished Request
selenium.webdriver.remote.remote_connection - DEBUG - POST http://localhost:52151/session/b451c8d3-3a17-4520-80e2-6dc202f6af96/element {'using': 'css selector', 'value': '[id="unit"]'}
urllib3.connectionpool - DEBUG - http://localhost:52151 "POST /session/b451c8d3-3a17-4520-80e2-6dc202f6af96/element HTTP/1.1" 200 0
selenium.webdriver.remote.remote_connection - DEBUG - Remote response: status=200 | data={"value":{"element-6066-11e4-a52e-4f735466cecf":"57d89504-2cfb-4d32-b218-274e7e6aa86c"}} | headers=HTTPHeaderDict({'content-type': 'application/json; charset=utf-8', 'cache-control': 'no-cache', 'content-length': '88', 'date': 'Tue, 20 Feb 2024 09:56:10 GMT'})
selenium.webdriver.remote.remote_connection - DEBUG - Finished Request
selenium.webdriver.remote.remote_connection - DEBUG - POST http://localhost:52151/session/b451c8d3-3a17-4520-80e2-6dc202f6af96/execute/sync {'script': '/* isDisplayed */return (function(){return (function(){var k=this||self;function aa(a){return"string...', 'args': [{'element-6066-11e4-a52e-4f735466cecf': '57d89504-2cfb-4d32-b218-274e7e6aa86c'}]}
urllib3.connectionpool - DEBUG - http://localhost:52151 "POST /session/b451c8d3-3a17-4520-80e2-6dc202f6af96/execute/sync HTTP/1.1" 200 0
selenium.webdriver.remote.remote_connection - DEBUG - Remote response: status=200 | data={"value":true} | headers=HTTPHeaderDict({'content-type': 'application/json; charset=utf-8', 'cache-control': 'no-cache', 'content-length': '14', 'date': 'Tue, 20 Feb 2024 09:56:10 GMT'})
selenium.webdriver.remote.remote_connection - DEBUG - Finished Request
selenium.webdriver.remote.remote_connection - DEBUG - POST http://localhost:52151/session/b451c8d3-3a17-4520-80e2-6dc202f6af96/element {'using': 'css selector', 'value': '[id="unit"]'}
urllib3.connectionpool - DEBUG - http://localhost:52151 "POST /session/b451c8d3-3a17-4520-80e2-6dc202f6af96/element HTTP/1.1" 200 0
selenium.webdriver.remote.remote_connection - DEBUG - Remote response: status=200 | data={"value":{"element-6066-11e4-a52e-4f735466cecf":"57d89504-2cfb-4d32-b218-274e7e6aa86c"}} | headers=HTTPHeaderDict({'content-type': 'application/json; charset=utf-8', 'cache-control': 'no-cache', 'content-length': '88', 'date': 'Tue, 20 Feb 2024 09:56:10 GMT'})
selenium.webdriver.remote.remote_connection - DEBUG - Finished Request
selenium.webdriver.remote.remote_connection - DEBUG - GET http://localhost:52151/session/b451c8d3-3a17-4520-80e2-6dc202f6af96/element/57d89504-2cfb-4d32-b218-274e7e6aa86c/name {}
urllib3.connectionpool - DEBUG - http://localhost:52151 "GET /session/b451c8d3-3a17-4520-80e2-6dc202f6af96/element/57d89504-2cfb-4d32-b218-274e7e6aa86c/name HTTP/1.1" 200 0
selenium.webdriver.remote.remote_connection - DEBUG - Remote response: status=200 | data={"value":"select"} | headers=HTTPHeaderDict({'content-type': 'application/json; charset=utf-8', 'cache-control': 'no-cache', 'content-length': '18', 'date': 'Tue, 20 Feb 2024 09:56:10 GMT'})
selenium.webdriver.remote.remote_connection - DEBUG - Finished Request
selenium.webdriver.remote.remote_connection - DEBUG - GET http://localhost:52151/session/b451c8d3-3a17-4520-80e2-6dc202f6af96/element/57d89504-2cfb-4d32-b218-274e7e6aa86c/attribute/multiple {}
urllib3.connectionpool - DEBUG - http://localhost:52151 "GET /session/b451c8d3-3a17-4520-80e2-6dc202f6af96/element/57d89504-2cfb-4d32-b218-274e7e6aa86c/attribute/multiple HTTP/1.1" 200 0
selenium.webdriver.remote.remote_connection - DEBUG - Remote response: status=200 | data={"value":null} | headers=HTTPHeaderDict({'content-type': 'application/json; charset=utf-8', 'cache-control': 'no-cache', 'content-length': '14', 'date': 'Tue, 20 Feb 2024 09:56:10 GMT'})
selenium.webdriver.remote.remote_connection - DEBUG - Finished Request
selenium.webdriver.remote.remote_connection - DEBUG - POST http://localhost:52151/session/b451c8d3-3a17-4520-80e2-6dc202f6af96/element/57d89504-2cfb-4d32-b218-274e7e6aa86c/elements {'using': 'css selector', 'value': 'option[value ="F"]'}
urllib3.connectionpool - DEBUG - http://localhost:52151 "POST /session/b451c8d3-3a17-4520-80e2-6dc202f6af96/element/57d89504-2cfb-4d32-b218-274e7e6aa86c/elements HTTP/1.1" 200 0
selenium.webdriver.remote.remote_connection - DEBUG - Remote response: status=200 | data={"value":[{"element-6066-11e4-a52e-4f735466cecf":"922789df-2859-4d34-b063-3d94b3e2a93f"}]} | headers=HTTPHeaderDict({'content-type': 'application/json; charset=utf-8', 'cache-control': 'no-cache', 'content-length': '90', 'date': 'Tue, 20 Feb 2024 09:56:10 GMT'})
selenium.webdriver.remote.remote_connection - DEBUG - Finished Request
selenium.webdriver.remote.remote_connection - DEBUG - GET http://localhost:52151/session/b451c8d3-3a17-4520-80e2-6dc202f6af96/element/922789df-2859-4d34-b063-3d94b3e2a93f/selected {}
urllib3.connectionpool - DEBUG - http://localhost:52151 "GET /session/b451c8d3-3a17-4520-80e2-6dc202f6af96/element/922789df-2859-4d34-b063-3d94b3e2a93f/selected HTTP/1.1" 200 0
selenium.webdriver.remote.remote_connection - DEBUG - Remote response: status=200 | data={"value":false} | headers=HTTPHeaderDict({'content-type': 'application/json; charset=utf-8', 'cache-control': 'no-cache', 'content-length': '15', 'date': 'Tue, 20 Feb 2024 09:56:10 GMT'})
selenium.webdriver.remote.remote_connection - DEBUG - Finished Request
selenium.webdriver.remote.remote_connection - DEBUG - GET http://localhost:52151/session/b451c8d3-3a17-4520-80e2-6dc202f6af96/element/922789df-2859-4d34-b063-3d94b3e2a93f/enabled {}
urllib3.connectionpool - DEBUG - http://localhost:52151 "GET /session/b451c8d3-3a17-4520-80e2-6dc202f6af96/element/922789df-2859-4d34-b063-3d94b3e2a93f/enabled HTTP/1.1" 200 0
selenium.webdriver.remote.remote_connection - DEBUG - Remote response: status=200 | data={"value":true} | headers=HTTPHeaderDict({'content-type': 'application/json; charset=utf-8', 'cache-control': 'no-cache', 'content-length': '14', 'date': 'Tue, 20 Feb 2024 09:56:10 GMT'})
selenium.webdriver.remote.remote_connection - DEBUG - Finished Request
selenium.webdriver.remote.remote_connection - DEBUG - POST http://localhost:52151/session/b451c8d3-3a17-4520-80e2-6dc202f6af96/element/922789df-2859-4d34-b063-3d94b3e2a93f/click {}
urllib3.connectionpool - DEBUG - http://localhost:52151 "POST /session/b451c8d3-3a17-4520-80e2-6dc202f6af96/element/922789df-2859-4d34-b063-3d94b3e2a93f/click HTTP/1.1" 200 0
selenium.webdriver.remote.remote_connection - DEBUG - Remote response: status=200 | data={"value":null} | headers=HTTPHeaderDict({'content-type': 'application/json; charset=utf-8', 'cache-control': 'no-cache', 'content-length': '14', 'date': 'Tue, 20 Feb 2024 09:56:10 GMT'})
selenium.webdriver.remote.remote_connection - DEBUG - Finished Request
selenium.webdriver.remote.remote_connection - DEBUG - POST http://localhost:52151/session/b451c8d3-3a17-4520-80e2-6dc202f6af96/url {'url': 'https://www.accuweather.com/en/vn/hoan-kiem/425226/morning-weather-forecast/425226?day=1'}
urllib3.connectionpool - DEBUG - http://localhost:52151 "POST /session/b451c8d3-3a17-4520-80e2-6dc202f6af96/url HTTP/1.1" 200 0
selenium.webdriver.remote.remote_connection - DEBUG - Remote response: status=200 | data={"value":null} | headers=HTTPHeaderDict({'content-type': 'application/json; charset=utf-8', 'cache-control': 'no-cache', 'content-length': '14', 'date': 'Tue, 20 Feb 2024 09:56:10 GMT'})
selenium.webdriver.remote.remote_connection - DEBUG - Finished Request
selenium.webdriver.remote.remote_connection - DEBUG - POST http://localhost:52151/session/b451c8d3-3a17-4520-80e2-6dc202f6af96/element {'using': 'xpath', 'value': '//p[contains(text(), "Humidity")]/span[@class="value"]'}
urllib3.connectionpool - DEBUG - http://localhost:52151 "POST /session/b451c8d3-3a17-4520-80e2-6dc202f6af96/element HTTP/1.1" 200 0
selenium.webdriver.remote.remote_connection - DEBUG - Remote response: status=200 | data={"value":{"element-6066-11e4-a52e-4f735466cecf":"f899f1c0-38ba-495e-be7f-07f649587b39"}} | headers=HTTPHeaderDict({'content-type': 'application/json; charset=utf-8', 'cache-control': 'no-cache', 'content-length': '88', 'date': 'Tue, 20 Feb 2024 09:56:12 GMT'})
selenium.webdriver.remote.remote_connection - DEBUG - Finished Request
selenium.webdriver.remote.remote_connection - DEBUG - POST http://localhost:52151/session/b451c8d3-3a17-4520-80e2-6dc202f6af96/element {'using': 'xpath', 'value': '//p[contains(text(), "Humidity")]/span[@class="value"]'}
urllib3.connectionpool - DEBUG - http://localhost:52151 "POST /session/b451c8d3-3a17-4520-80e2-6dc202f6af96/element HTTP/1.1" 200 0
selenium.webdriver.remote.remote_connection - DEBUG - Remote response: status=200 | data={"value":{"element-6066-11e4-a52e-4f735466cecf":"f899f1c0-38ba-495e-be7f-07f649587b39"}} | headers=HTTPHeaderDict({'content-type': 'application/json; charset=utf-8', 'cache-control': 'no-cache', 'content-length': '88', 'date': 'Tue, 20 Feb 2024 09:56:12 GMT'})
selenium.webdriver.remote.remote_connection - DEBUG - Finished Request
selenium.webdriver.remote.remote_connection - DEBUG - POST http://localhost:52151/session/b451c8d3-3a17-4520-80e2-6dc202f6af96/execute/sync {'script': '/* isDisplayed */return (function(){return (function(){var k=this||self;function aa(a){return"string...', 'args': [{'element-6066-11e4-a52e-4f735466cecf': 'f899f1c0-38ba-495e-be7f-07f649587b39'}]}
urllib3.connectionpool - DEBUG - http://localhost:52151 "POST /session/b451c8d3-3a17-4520-80e2-6dc202f6af96/execute/sync HTTP/1.1" 200 0
selenium.webdriver.remote.remote_connection - DEBUG - Remote response: status=200 | data={"value":true} | headers=HTTPHeaderDict({'content-type': 'application/json; charset=utf-8', 'cache-control': 'no-cache', 'content-length': '14', 'date': 'Tue, 20 Feb 2024 09:56:12 GMT'})
selenium.webdriver.remote.remote_connection - DEBUG - Finished Request
selenium.webdriver.remote.remote_connection - DEBUG - POST http://localhost:52151/session/b451c8d3-3a17-4520-80e2-6dc202f6af96/element {'using': 'xpath', 'value': '//p[contains(text(), "Humidity")]/span[@class="value"]'}
urllib3.connectionpool - DEBUG - http://localhost:52151 "POST /session/b451c8d3-3a17-4520-80e2-6dc202f6af96/element HTTP/1.1" 200 0
selenium.webdriver.remote.remote_connection - DEBUG - Remote response: status=200 | data={"value":{"element-6066-11e4-a52e-4f735466cecf":"f899f1c0-38ba-495e-be7f-07f649587b39"}} | headers=HTTPHeaderDict({'content-type': 'application/json; charset=utf-8', 'cache-control': 'no-cache', 'content-length': '88', 'date': 'Tue, 20 Feb 2024 09:56:12 GMT'})
selenium.webdriver.remote.remote_connection - DEBUG - Finished Request
selenium.webdriver.remote.remote_connection - DEBUG - GET http://localhost:52151/session/b451c8d3-3a17-4520-80e2-6dc202f6af96/element/f899f1c0-38ba-495e-be7f-07f649587b39/text {}
urllib3.connectionpool - DEBUG - http://localhost:52151 "GET /session/b451c8d3-3a17-4520-80e2-6dc202f6af96/element/f899f1c0-38ba-495e-be7f-07f649587b39/text HTTP/1.1" 200 0
selenium.webdriver.remote.remote_connection - DEBUG - Remote response: status=200 | data={"value":"76%"} | headers=HTTPHeaderDict({'content-type': 'application/json; charset=utf-8', 'cache-control': 'no-cache', 'content-length': '15', 'date': 'Tue, 20 Feb 2024 09:56:12 GMT'})
selenium.webdriver.remote.remote_connection - DEBUG - Finished Request
selenium.webdriver.remote.remote_connection - DEBUG - POST http://localhost:52151/session/b451c8d3-3a17-4520-80e2-6dc202f6af96/element {'using': 'xpath', 'value': '//span[@class="header-temp"]//span[@class="unit"]'}
urllib3.connectionpool - DEBUG - http://localhost:52151 "POST /session/b451c8d3-3a17-4520-80e2-6dc202f6af96/element HTTP/1.1" 200 0
selenium.webdriver.remote.remote_connection - DEBUG - Remote response: status=200 | data={"value":{"element-6066-11e4-a52e-4f735466cecf":"4b90d4b3-d245-44c9-9b57-f061638f74e0"}} | headers=HTTPHeaderDict({'content-type': 'application/json; charset=utf-8', 'cache-control': 'no-cache', 'content-length': '88', 'date': 'Tue, 20 Feb 2024 09:56:12 GMT'})
selenium.webdriver.remote.remote_connection - DEBUG - Finished Request
selenium.webdriver.remote.remote_connection - DEBUG - POST http://localhost:52151/session/b451c8d3-3a17-4520-80e2-6dc202f6af96/element {'using': 'xpath', 'value': '//span[@class="header-temp"]//span[@class="unit"]'}
urllib3.connectionpool - DEBUG - http://localhost:52151 "POST /session/b451c8d3-3a17-4520-80e2-6dc202f6af96/element HTTP/1.1" 200 0
selenium.webdriver.remote.remote_connection - DEBUG - Remote response: status=200 | data={"value":{"element-6066-11e4-a52e-4f735466cecf":"4b90d4b3-d245-44c9-9b57-f061638f74e0"}} | headers=HTTPHeaderDict({'content-type': 'application/json; charset=utf-8', 'cache-control': 'no-cache', 'content-length': '88', 'date': 'Tue, 20 Feb 2024 09:56:12 GMT'})
selenium.webdriver.remote.remote_connection - DEBUG - Finished Request
selenium.webdriver.remote.remote_connection - DEBUG - POST http://localhost:52151/session/b451c8d3-3a17-4520-80e2-6dc202f6af96/execute/sync {'script': '/* isDisplayed */return (function(){return (function(){var k=this||self;function aa(a){return"string...', 'args': [{'element-6066-11e4-a52e-4f735466cecf': '4b90d4b3-d245-44c9-9b57-f061638f74e0'}]}
urllib3.connectionpool - DEBUG - http://localhost:52151 "POST /session/b451c8d3-3a17-4520-80e2-6dc202f6af96/execute/sync HTTP/1.1" 200 0
selenium.webdriver.remote.remote_connection - DEBUG - Remote response: status=200 | data={"value":true} | headers=HTTPHeaderDict({'content-type': 'application/json; charset=utf-8', 'cache-control': 'no-cache', 'content-length': '14', 'date': 'Tue, 20 Feb 2024 09:56:12 GMT'})
selenium.webdriver.remote.remote_connection - DEBUG - Finished Request
selenium.webdriver.remote.remote_connection - DEBUG - POST http://localhost:52151/session/b451c8d3-3a17-4520-80e2-6dc202f6af96/element {'using': 'xpath', 'value': '//span[@class="header-temp"]//span[@class="unit"]'}
urllib3.connectionpool - DEBUG - http://localhost:52151 "POST /session/b451c8d3-3a17-4520-80e2-6dc202f6af96/element HTTP/1.1" 200 0
selenium.webdriver.remote.remote_connection - DEBUG - Remote response: status=200 | data={"value":{"element-6066-11e4-a52e-4f735466cecf":"4b90d4b3-d245-44c9-9b57-f061638f74e0"}} | headers=HTTPHeaderDict({'content-type': 'application/json; charset=utf-8', 'cache-control': 'no-cache', 'content-length': '88', 'date': 'Tue, 20 Feb 2024 09:56:12 GMT'})
selenium.webdriver.remote.remote_connection - DEBUG - Finished Request
selenium.webdriver.remote.remote_connection - DEBUG - GET http://localhost:52151/session/b451c8d3-3a17-4520-80e2-6dc202f6af96/element/4b90d4b3-d245-44c9-9b57-f061638f74e0/text {}
urllib3.connectionpool - DEBUG - http://localhost:52151 "GET /session/b451c8d3-3a17-4520-80e2-6dc202f6af96/element/4b90d4b3-d245-44c9-9b57-f061638f74e0/text HTTP/1.1" 200 0
selenium.webdriver.remote.remote_connection - DEBUG - Remote response: status=200 | data={"value":"F"} | headers=HTTPHeaderDict({'content-type': 'application/json; charset=utf-8', 'cache-control': 'no-cache', 'content-length': '13', 'date': 'Tue, 20 Feb 2024 09:56:12 GMT'})
selenium.webdriver.remote.remote_connection - DEBUG - Finished Request
selenium.webdriver.remote.remote_connection - DEBUG - POST http://localhost:52151/session/b451c8d3-3a17-4520-80e2-6dc202f6af96/element {'using': 'xpath', 'value': '//div[@class="weather"]//div[@class="temperature"]'}
urllib3.connectionpool - DEBUG - http://localhost:52151 "POST /session/b451c8d3-3a17-4520-80e2-6dc202f6af96/element HTTP/1.1" 200 0
selenium.webdriver.remote.remote_connection - DEBUG - Remote response: status=200 | data={"value":{"element-6066-11e4-a52e-4f735466cecf":"f7e84ace-cb1c-4d36-b860-b9ef82f538fc"}} | headers=HTTPHeaderDict({'content-type': 'application/json; charset=utf-8', 'cache-control': 'no-cache', 'content-length': '88', 'date': 'Tue, 20 Feb 2024 09:56:12 GMT'})
selenium.webdriver.remote.remote_connection - DEBUG - Finished Request
selenium.webdriver.remote.remote_connection - DEBUG - POST http://localhost:52151/session/b451c8d3-3a17-4520-80e2-6dc202f6af96/element {'using': 'xpath', 'value': '//div[@class="weather"]//div[@class="temperature"]'}
urllib3.connectionpool - DEBUG - http://localhost:52151 "POST /session/b451c8d3-3a17-4520-80e2-6dc202f6af96/element HTTP/1.1" 200 0
selenium.webdriver.remote.remote_connection - DEBUG - Remote response: status=200 | data={"value":{"element-6066-11e4-a52e-4f735466cecf":"f7e84ace-cb1c-4d36-b860-b9ef82f538fc"}} | headers=HTTPHeaderDict({'content-type': 'application/json; charset=utf-8', 'cache-control': 'no-cache', 'content-length': '88', 'date': 'Tue, 20 Feb 2024 09:56:12 GMT'})
selenium.webdriver.remote.remote_connection - DEBUG - Finished Request
selenium.webdriver.remote.remote_connection - DEBUG - POST http://localhost:52151/session/b451c8d3-3a17-4520-80e2-6dc202f6af96/execute/sync {'script': '/* isDisplayed */return (function(){return (function(){var k=this||self;function aa(a){return"string...', 'args': [{'element-6066-11e4-a52e-4f735466cecf': 'f7e84ace-cb1c-4d36-b860-b9ef82f538fc'}]}
urllib3.connectionpool - DEBUG - http://localhost:52151 "POST /session/b451c8d3-3a17-4520-80e2-6dc202f6af96/execute/sync HTTP/1.1" 200 0
selenium.webdriver.remote.remote_connection - DEBUG - Remote response: status=200 | data={"value":true} | headers=HTTPHeaderDict({'content-type': 'application/json; charset=utf-8', 'cache-control': 'no-cache', 'content-length': '14', 'date': 'Tue, 20 Feb 2024 09:56:12 GMT'})
selenium.webdriver.remote.remote_connection - DEBUG - Finished Request
selenium.webdriver.remote.remote_connection - DEBUG - POST http://localhost:52151/session/b451c8d3-3a17-4520-80e2-6dc202f6af96/element {'using': 'xpath', 'value': '//div[@class="weather"]//div[@class="temperature"]'}
urllib3.connectionpool - DEBUG - http://localhost:52151 "POST /session/b451c8d3-3a17-4520-80e2-6dc202f6af96/element HTTP/1.1" 200 0
selenium.webdriver.remote.remote_connection - DEBUG - Remote response: status=200 | data={"value":{"element-6066-11e4-a52e-4f735466cecf":"f7e84ace-cb1c-4d36-b860-b9ef82f538fc"}} | headers=HTTPHeaderDict({'content-type': 'application/json; charset=utf-8', 'cache-control': 'no-cache', 'content-length': '88', 'date': 'Tue, 20 Feb 2024 09:56:12 GMT'})
selenium.webdriver.remote.remote_connection - DEBUG - Finished Request
selenium.webdriver.remote.remote_connection - DEBUG - GET http://localhost:52151/session/b451c8d3-3a17-4520-80e2-6dc202f6af96/element/f7e84ace-cb1c-4d36-b860-b9ef82f538fc/text {}
urllib3.connectionpool - DEBUG - http://localhost:52151 "GET /session/b451c8d3-3a17-4520-80e2-6dc202f6af96/element/f7e84ace-cb1c-4d36-b860-b9ef82f538fc/text HTTP/1.1" 200 0
selenium.webdriver.remote.remote_connection - DEBUG - Remote response: status=200 | data={"value":"86°"} | headers=HTTPHeaderDict({'content-type': 'application/json; charset=utf-8', 'cache-control': 'no-cache', 'content-length': '16', 'date': 'Tue, 20 Feb 2024 09:56:12 GMT'})
selenium.webdriver.remote.remote_connection - DEBUG - Finished Request
selenium.webdriver.remote.remote_connection - DEBUG - DELETE http://localhost:52151/session/b451c8d3-3a17-4520-80e2-6dc202f6af96 {}
urllib3.connectionpool - DEBUG - http://localhost:52151 "DELETE /session/b451c8d3-3a17-4520-80e2-6dc202f6af96 HTTP/1.1" 200 0
selenium.webdriver.remote.remote_connection - DEBUG - Remote response: status=200 | data={"value":null} | headers=HTTPHeaderDict({'content-type': 'application/json; charset=utf-8', 'cache-control': 'no-cache', 'content-length': '14', 'date': 'Tue, 20 Feb 2024 09:56:12 GMT'})
selenium.webdriver.remote.remote_connection - DEBUG - Finished Request
